2026-03-14 15:43:03 INFO  o.h.validator.internal.util.Version - HV000001: Hibernate Validator 8.0.3.Final
 2026-03-14 15:43:03 INFO  g.a.c.schoolapp.SchoolappApplication - Starting SchoolappApplication using Java 21.0.8 with PID 11538 (/Users/artemiskounalake/IdeaProjects/schoolapp/build/classes/java/main started by artemiskounalake in /Users/artemiskounalake/IdeaProjects/schoolapp)
 2026-03-14 15:43:03 INFO  g.a.c.schoolapp.SchoolappApplication - The following 1 profile is active: "dev"
 2026-03-14 15:43:04 INFO  o.s.b.d.e.DevToolsPropertyDefaultsPostProcessor - Devtools property defaults active! Set 'spring.devtools.add-properties' to 'false' to disable
 2026-03-14 15:43:04 INFO  o.s.b.d.e.DevToolsPropertyDefaultsPostProcessor - For additional web related logging consider setting the 'logging.level.web' property to 'DEBUG'
 2026-03-14 15:43:05 INFO  o.s.d.r.c.RepositoryConfigurationDelegate - Bootstrapping Spring Data JPA repositories in DEFAULT mode.
 2026-03-14 15:43:05 INFO  o.s.d.r.c.RepositoryConfigurationDelegate - Finished Spring Data repository scanning in 213 ms. Found 5 JPA repository interfaces.
 2026-03-14 15:43:08 INFO  o.s.b.w.e.tomcat.TomcatWebServer - Tomcat initialized with port 8080 (http)
 2026-03-14 15:43:08 INFO  o.s.b.w.s.c.ServletWebServerApplicationContext - Root WebApplicationContext: initialization completed in 4795 ms
 2026-03-14 15:43:10 INFO  org.flywaydb.core.FlywayExecutor - Database: jdbc:mysql://localhost:3306/school9ssr?useSSL=true&serverTimezone=UTC (MySQL 8.0)
 2026-03-14 15:43:10 INFO  o.f.core.internal.command.DbValidate - Successfully validated 6 migrations (execution time 00:00.200s)
 2026-03-14 15:43:10 INFO  o.f.core.internal.command.DbMigrate - Current version of schema `school9ssr`: 4
 2026-03-14 15:43:10 INFO  o.f.core.internal.command.DbMigrate - Migrating schema `school9ssr` to version "5 - create users roles capabilities indexes"
 2026-03-14 15:43:11 WARN  o.f.c.i.s.DefaultSqlScriptExecutor - DB: Integer display width is deprecated and will be removed in a future release. (SQL State: HY000 - Error Code: 1681)
 2026-03-14 15:43:11 INFO  o.f.core.internal.command.DbMigrate - Migrating schema `school9ssr` to version "6 - insert roles capabilites"
 2026-03-14 15:43:11 INFO  o.f.core.internal.command.DbMigrate - Successfully applied 2 migrations to schema `school9ssr`, now at version v6 (execution time 00:00.648s)
 2026-03-14 15:43:12 INFO  org.hibernate.Version - HHH000412: Hibernate ORM core version 6.6.41.Final
 2026-03-14 15:43:12 INFO  o.h.c.i.RegionFactoryInitiator - HHH000026: Second-level cache disabled
 2026-03-14 15:43:12 INFO  o.s.o.j.p.SpringPersistenceUnitInfo - No LoadTimeWeaver setup: ignoring JPA class transformer
 2026-03-14 15:43:12 INFO  o.hibernate.orm.connections.pooling - HHH10001005: Database info:
	Database JDBC URL [Connecting through datasource 'HikariDataSource (HikariPool-1)']
	Database driver: undefined/unknown
	Database version: 8.0.45
	Autocommit mode: undefined/unknown
	Isolation level: undefined/unknown
	Minimum pool size: undefined/unknown
	Maximum pool size: undefined/unknown
 2026-03-14 15:43:14 INFO  o.h.e.t.j.p.i.JtaPlatformInitiator - HHH000489: No JTA platform available (set 'hibernate.transaction.jta.platform' to enable JTA platform integration)
 2026-03-14 15:43:14 INFO  o.s.o.j.LocalContainerEntityManagerFactoryBean - Initialized JPA EntityManagerFactory for persistence unit 'default'
 2026-03-14 15:43:16 INFO  o.s.s.c.a.a.c.InitializeUserDetailsBeanManagerConfigurer$InitializeUserDetailsManagerConfigurer - Global AuthenticationManager configured with UserDetailsService bean with name customUserDetailsService
 2026-03-14 15:43:16 WARN  o.s.s.c.a.w.c.AuthorizeHttpRequestsConfigurer$AuthorizationManagerRequestMatcherRegistry - One of the patterns in [/, index.html] is missing a leading slash. This is discouraged; please include the leading slash in all your request matcher patterns. In future versions of Spring Security, leaving out the leading slash will result in an exception.
 2026-03-14 15:43:16 WARN  o.s.s.c.a.w.c.AuthorizeHttpRequestsConfigurer$AuthorizationManagerRequestMatcherRegistry - One of the patterns in [/users/register, users/success] is missing a leading slash. This is discouraged; please include the leading slash in all your request matcher patterns. In future versions of Spring Security, leaving out the leading slash will result in an exception.
 2026-03-14 15:43:16 WARN  o.s.s.c.a.w.c.AuthorizeHttpRequestsConfigurer$AuthorizationManagerRequestMatcherRegistry - One of the patterns in [teachers/update-success] is missing a leading slash. This is discouraged; please include the leading slash in all your request matcher patterns. In future versions of Spring Security, leaving out the leading slash will result in an exception.
 2026-03-14 15:43:16 WARN  o.s.s.c.a.w.c.AuthorizeHttpRequestsConfigurer$AuthorizationManagerRequestMatcherRegistry - One of the patterns in [teachers/delete/{uuid}] is missing a leading slash. This is discouraged; please include the leading slash in all your request matcher patterns. In future versions of Spring Security, leaving out the leading slash will result in an exception.
 2026-03-14 15:43:16 WARN  o.s.s.c.a.w.c.AuthorizeHttpRequestsConfigurer$AuthorizationManagerRequestMatcherRegistry - One of the patterns in [teachers/delete-success] is missing a leading slash. This is discouraged; please include the leading slash in all your request matcher patterns. In future versions of Spring Security, leaving out the leading slash will result in an exception.
 2026-03-14 15:43:17 INFO  o.s.b.d.a.OptionalLiveReloadServer - LiveReload server is running on port 35729
 2026-03-14 15:43:17 INFO  o.s.b.w.e.tomcat.TomcatWebServer - Tomcat started on port 8080 (http) with context path '/'
 2026-03-14 15:43:17 INFO  g.a.c.schoolapp.SchoolappApplication - Started SchoolappApplication in 15.002 seconds (process running for 16.027)
 2026-03-14 15:43:57 INFO  o.s.web.servlet.DispatcherServlet - Initializing Servlet 'dispatcherServlet'
 2026-03-14 15:43:57 INFO  o.s.web.servlet.DispatcherServlet - Completed initialization in 2 ms
 2026-03-14 16:12:06 INFO  o.s.b.d.a.LocalDevToolsAutoConfiguration$RestartingClassPathChangeChangedEventListener - Restarting due to 1 class path change (0 additions, 0 deletions, 1 modification)
 2026-03-14 16:12:06 INFO  o.s.b.w.e.tomcat.GracefulShutdown - Commencing graceful shutdown. Waiting for active requests to complete
 2026-03-14 16:12:06 INFO  o.s.b.w.e.tomcat.GracefulShutdown - Graceful shutdown complete
 2026-03-14 16:12:06 INFO  o.s.o.j.LocalContainerEntityManagerFactoryBean - Closing JPA EntityManagerFactory for persistence unit 'default'
 2026-03-14 16:12:10 ERROR o.s.boot.SpringApplication - Application run failed
 java.lang.IllegalStateException: java.lang.IllegalStateException: Logback configuration error detected: 
ERROR in ch.qos.logback.core.model.processor.FileCollisionAnalyser - Collision detected. Skipping initialization of appender named [SQLLogs]
ERROR in ch.qos.logback.core.model.processor.FileCollisionAnalyser - In appender [SQLLogs] option 'fileNamePattern' has the same value 'logs/hikari.%d{yyyy-MM-dd}.log' as that set for appender [HikariLogs] defined earlier
	at org.springframework.boot.context.logging.LoggingApplicationListener.initializeSystem(LoggingApplicationListener.java:347)
Caused by: java.lang.IllegalStateException: Logback configuration error detected: 
ERROR in ch.qos.logback.core.model.processor.FileCollisionAnalyser - Collision detected. Skipping initialization of appender named [SQLLogs]
ERROR in ch.qos.logback.core.model.processor.FileCollisionAnalyser - In appender [SQLLogs] option 'fileNamePattern' has the same value 'logs/hikari.%d{yyyy-MM-dd}.log' as that set for appender [HikariLogs] defined earlier
	at org.springframework.boot.logging.logback.LogbackLoggingSystem.reportConfigurationErrorsIfNecessary(LogbackLoggingSystem.java:289)
