2026-06-18 10:25:57 INFO  o.h.validator.internal.util.Version - HV000001: Hibernate Validator 8.0.3.Final
 2026-06-18 10:25:58 INFO  g.a.c.schoolapp.SchoolappApplication - Starting SchoolappApplication using Java 21.0.8 with PID 1150 (/Users/artemiskounalake/IdeaProjects/schoolapp/build/classes/java/main started by artemiskounalake in /Users/artemiskounalake/IdeaProjects/schoolapp)
 2026-06-18 10:25:58 INFO  g.a.c.schoolapp.SchoolappApplication - The following 1 profile is active: "dev"
 2026-06-18 10:25:58 INFO  o.s.b.d.e.DevToolsPropertyDefaultsPostProcessor - Devtools property defaults active! Set 'spring.devtools.add-properties' to 'false' to disable
 2026-06-18 10:25:58 INFO  o.s.b.d.e.DevToolsPropertyDefaultsPostProcessor - For additional web related logging consider setting the 'logging.level.web' property to 'DEBUG'
 2026-06-18 10:25:59 INFO  o.s.d.r.c.RepositoryConfigurationDelegate - Bootstrapping Spring Data JPA repositories in DEFAULT mode.
 2026-06-18 10:25:59 INFO  o.s.d.r.c.RepositoryConfigurationDelegate - Finished Spring Data repository scanning in 96 ms. Found 5 JPA repository interfaces.
 2026-06-18 10:26:03 INFO  o.s.b.w.e.tomcat.TomcatWebServer - Tomcat initialized with port 8080 (http)
 2026-06-18 10:26:03 INFO  o.s.b.w.s.c.ServletWebServerApplicationContext - Root WebApplicationContext: initialization completed in 5683 ms
 2026-06-18 10:26:06 INFO  org.flywaydb.core.FlywayExecutor - Database: jdbc:mysql://localhost:3306/school9ssr?useSSL=true&serverTimezone=UTC (MySQL 8.0)
 2026-06-18 10:26:07 INFO  o.f.core.internal.command.DbValidate - Successfully validated 6 migrations (execution time 00:00.328s)
 2026-06-18 10:26:07 INFO  o.f.core.internal.command.DbMigrate - Current version of schema `school9ssr`: 6
 2026-06-18 10:26:07 INFO  o.f.core.internal.command.DbMigrate - Schema `school9ssr` is up to date. No migration necessary.
 2026-06-18 10:26:08 INFO  org.hibernate.Version - HHH000412: Hibernate ORM core version 6.6.41.Final
 2026-06-18 10:26:08 INFO  o.h.c.i.RegionFactoryInitiator - HHH000026: Second-level cache disabled
 2026-06-18 10:26:10 INFO  o.s.o.j.p.SpringPersistenceUnitInfo - No LoadTimeWeaver setup: ignoring JPA class transformer
 2026-06-18 10:26:11 INFO  o.hibernate.orm.connections.pooling - HHH10001005: Database info:
	Database JDBC URL [Connecting through datasource 'HikariDataSource (HikariPool-1)']
	Database driver: undefined/unknown
	Database version: 8.0.45
	Autocommit mode: undefined/unknown
	Isolation level: undefined/unknown
	Minimum pool size: undefined/unknown
	Maximum pool size: undefined/unknown
 2026-06-18 10:26:13 INFO  o.h.e.t.j.p.i.JtaPlatformInitiator - HHH000489: No JTA platform available (set 'hibernate.transaction.jta.platform' to enable JTA platform integration)
 2026-06-18 10:26:13 INFO  o.s.o.j.LocalContainerEntityManagerFactoryBean - Initialized JPA EntityManagerFactory for persistence unit 'default'
 2026-06-18 10:26:15 INFO  o.s.b.a.w.s.WelcomePageHandlerMapping - Adding welcome page template: index
 2026-06-18 10:26:15 INFO  o.s.s.c.a.a.c.InitializeUserDetailsBeanManagerConfigurer$InitializeUserDetailsManagerConfigurer - Global AuthenticationManager configured with UserDetailsService bean with name customUserDetailsService
 2026-06-18 10:26:17 INFO  o.s.b.d.a.OptionalLiveReloadServer - LiveReload server is running on port 35729
 2026-06-18 10:26:17 INFO  o.s.b.w.e.tomcat.TomcatWebServer - Tomcat started on port 8080 (http) with context path '/'
 2026-06-18 10:26:17 INFO  g.a.c.schoolapp.SchoolappApplication - Started SchoolappApplication in 20.42 seconds (process running for 21.121)
 2026-06-18 10:27:27 INFO  o.s.web.servlet.DispatcherServlet - Initializing Servlet 'dispatcherServlet'
 2026-06-18 10:27:27 INFO  o.s.web.servlet.DispatcherServlet - Completed initialization in 3 ms
 2026-06-18 10:44:41 INFO  o.s.b.w.e.tomcat.GracefulShutdown - Commencing graceful shutdown. Waiting for active requests to complete
 2026-06-18 10:44:41 INFO  o.s.b.w.e.tomcat.GracefulShutdown - Graceful shutdown complete
 2026-06-18 10:44:41 INFO  o.s.o.j.LocalContainerEntityManagerFactoryBean - Closing JPA EntityManagerFactory for persistence unit 'default'
 2026-06-18 11:54:24 INFO  o.h.validator.internal.util.Version - HV000001: Hibernate Validator 8.0.3.Final
 2026-06-18 11:54:24 INFO  g.a.c.schoolapp.SchoolappApplication - Starting SchoolappApplication using Java 21.0.8 with PID 2026 (/Users/artemiskounalake/IdeaProjects/schoolapp/build/classes/java/main started by artemiskounalake in /Users/artemiskounalake/IdeaProjects/schoolapp)
 2026-06-18 11:54:24 INFO  g.a.c.schoolapp.SchoolappApplication - The following 1 profile is active: "dev"
 2026-06-18 11:54:24 INFO  o.s.b.d.e.DevToolsPropertyDefaultsPostProcessor - Devtools property defaults active! Set 'spring.devtools.add-properties' to 'false' to disable
 2026-06-18 11:54:24 INFO  o.s.b.d.e.DevToolsPropertyDefaultsPostProcessor - For additional web related logging consider setting the 'logging.level.web' property to 'DEBUG'
 2026-06-18 11:54:26 INFO  o.s.d.r.c.RepositoryConfigurationDelegate - Bootstrapping Spring Data JPA repositories in DEFAULT mode.
 2026-06-18 11:54:26 INFO  o.s.d.r.c.RepositoryConfigurationDelegate - Finished Spring Data repository scanning in 78 ms. Found 5 JPA repository interfaces.
 2026-06-18 11:54:27 INFO  o.s.b.w.e.tomcat.TomcatWebServer - Tomcat initialized with port 8080 (http)
 2026-06-18 11:54:27 INFO  o.s.b.w.s.c.ServletWebServerApplicationContext - Root WebApplicationContext: initialization completed in 3517 ms
 2026-06-18 11:54:29 INFO  org.flywaydb.core.FlywayExecutor - Database: jdbc:mysql://localhost:3306/school9ssr?useSSL=true&serverTimezone=UTC (MySQL 8.0)
 2026-06-18 11:54:29 INFO  o.f.core.internal.command.DbValidate - Successfully validated 6 migrations (execution time 00:00.049s)
 2026-06-18 11:54:29 INFO  o.f.core.internal.command.DbMigrate - Current version of schema `school9ssr`: 6
 2026-06-18 11:54:29 INFO  o.f.core.internal.command.DbMigrate - Schema `school9ssr` is up to date. No migration necessary.
 2026-06-18 11:54:30 INFO  org.hibernate.Version - HHH000412: Hibernate ORM core version 6.6.41.Final
 2026-06-18 11:54:30 INFO  o.h.c.i.RegionFactoryInitiator - HHH000026: Second-level cache disabled
 2026-06-18 11:54:31 INFO  o.s.o.j.p.SpringPersistenceUnitInfo - No LoadTimeWeaver setup: ignoring JPA class transformer
 2026-06-18 11:54:31 INFO  o.hibernate.orm.connections.pooling - HHH10001005: Database info:
	Database JDBC URL [Connecting through datasource 'HikariDataSource (HikariPool-1)']
	Database driver: undefined/unknown
	Database version: 8.0.45
	Autocommit mode: undefined/unknown
	Isolation level: undefined/unknown
	Minimum pool size: undefined/unknown
	Maximum pool size: undefined/unknown
 2026-06-18 11:54:33 INFO  o.h.e.t.j.p.i.JtaPlatformInitiator - HHH000489: No JTA platform available (set 'hibernate.transaction.jta.platform' to enable JTA platform integration)
 2026-06-18 11:54:33 INFO  o.s.o.j.LocalContainerEntityManagerFactoryBean - Initialized JPA EntityManagerFactory for persistence unit 'default'
 2026-06-18 11:54:34 INFO  o.s.b.a.w.s.WelcomePageHandlerMapping - Adding welcome page template: index
 2026-06-18 11:54:34 INFO  o.s.s.c.a.a.c.InitializeUserDetailsBeanManagerConfigurer$InitializeUserDetailsManagerConfigurer - Global AuthenticationManager configured with UserDetailsService bean with name customUserDetailsService
 2026-06-18 11:54:35 INFO  o.s.b.d.a.OptionalLiveReloadServer - LiveReload server is running on port 35729
 2026-06-18 11:54:35 INFO  o.s.b.w.e.tomcat.TomcatWebServer - Tomcat started on port 8080 (http) with context path '/'
 2026-06-18 11:54:35 INFO  g.a.c.schoolapp.SchoolappApplication - Started SchoolappApplication in 12.656 seconds (process running for 13.846)
 2026-06-18 11:54:49 INFO  o.s.web.servlet.DispatcherServlet - Initializing Servlet 'dispatcherServlet'
 2026-06-18 11:54:49 INFO  o.s.web.servlet.DispatcherServlet - Completed initialization in 3 ms
 2026-06-18 11:55:14 ERROR g.a.cf.schoolapp.service.UserService - Save failed. User with username=artemis@aueb.gr already exists
 2026-06-18 11:55:23 INFO  g.a.c.s.a.CustomAuthenticationSuccessHandler - User artemis@aueb.gr logged in successfully
 2026-06-18 11:56:50 INFO  g.a.c.s.a.CustomAuthenticationSuccessHandler - User test-empl@aueb.gr logged in successfully
 2026-06-18 12:15:27 INFO  o.s.b.w.e.tomcat.GracefulShutdown - Commencing graceful shutdown. Waiting for active requests to complete
 2026-06-18 12:15:27 INFO  o.s.b.w.e.tomcat.GracefulShutdown - Graceful shutdown complete
 2026-06-18 12:15:27 INFO  o.s.o.j.LocalContainerEntityManagerFactoryBean - Closing JPA EntityManagerFactory for persistence unit 'default'
 