2026-06-16 19:29:29 INFO  o.h.validator.internal.util.Version - HV000001: Hibernate Validator 8.0.3.Final
 2026-06-16 19:29:29 INFO  g.a.c.schoolapp.SchoolappApplication - Starting SchoolappApplication using Java 21.0.8 with PID 1394 (/Users/artemiskounalake/IdeaProjects/schoolapp/build/classes/java/main started by artemiskounalake in /Users/artemiskounalake/IdeaProjects/schoolapp)
 2026-06-16 19:29:29 INFO  g.a.c.schoolapp.SchoolappApplication - The following 1 profile is active: "dev"
 2026-06-16 19:29:29 INFO  o.s.b.d.e.DevToolsPropertyDefaultsPostProcessor - Devtools property defaults active! Set 'spring.devtools.add-properties' to 'false' to disable
 2026-06-16 19:29:29 INFO  o.s.b.d.e.DevToolsPropertyDefaultsPostProcessor - For additional web related logging consider setting the 'logging.level.web' property to 'DEBUG'
 2026-06-16 19:29:30 INFO  o.s.d.r.c.RepositoryConfigurationDelegate - Bootstrapping Spring Data JPA repositories in DEFAULT mode.
 2026-06-16 19:29:30 INFO  o.s.d.r.c.RepositoryConfigurationDelegate - Finished Spring Data repository scanning in 74 ms. Found 5 JPA repository interfaces.
 2026-06-16 19:29:32 INFO  o.s.b.w.e.tomcat.TomcatWebServer - Tomcat initialized with port 8080 (http)
 2026-06-16 19:29:32 INFO  o.s.b.w.s.c.ServletWebServerApplicationContext - Root WebApplicationContext: initialization completed in 2813 ms
 2026-06-16 19:29:33 INFO  org.flywaydb.core.FlywayExecutor - Database: jdbc:mysql://localhost:3306/school9ssr?useSSL=true&serverTimezone=UTC (MySQL 8.0)
 2026-06-16 19:29:33 INFO  o.f.core.internal.command.DbValidate - Successfully validated 6 migrations (execution time 00:00.076s)
 2026-06-16 19:29:33 INFO  o.f.core.internal.command.DbMigrate - Current version of schema `school9ssr`: 6
 2026-06-16 19:29:33 INFO  o.f.core.internal.command.DbMigrate - Schema `school9ssr` is up to date. No migration necessary.
 2026-06-16 19:29:34 INFO  org.hibernate.Version - HHH000412: Hibernate ORM core version 6.6.41.Final
 2026-06-16 19:29:34 INFO  o.h.c.i.RegionFactoryInitiator - HHH000026: Second-level cache disabled
 2026-06-16 19:29:34 INFO  o.s.o.j.p.SpringPersistenceUnitInfo - No LoadTimeWeaver setup: ignoring JPA class transformer
 2026-06-16 19:29:34 INFO  o.hibernate.orm.connections.pooling - HHH10001005: Database info:
	Database JDBC URL [Connecting through datasource 'HikariDataSource (HikariPool-1)']
	Database driver: undefined/unknown
	Database version: 8.0.45
	Autocommit mode: undefined/unknown
	Isolation level: undefined/unknown
	Minimum pool size: undefined/unknown
	Maximum pool size: undefined/unknown
 2026-06-16 19:29:36 INFO  o.h.e.t.j.p.i.JtaPlatformInitiator - HHH000489: No JTA platform available (set 'hibernate.transaction.jta.platform' to enable JTA platform integration)
 2026-06-16 19:29:36 INFO  o.s.o.j.LocalContainerEntityManagerFactoryBean - Initialized JPA EntityManagerFactory for persistence unit 'default'
 2026-06-16 19:29:37 INFO  o.s.s.c.a.a.c.InitializeUserDetailsBeanManagerConfigurer$InitializeUserDetailsManagerConfigurer - Global AuthenticationManager configured with UserDetailsService bean with name customUserDetailsService
 2026-06-16 19:29:38 INFO  o.s.b.d.a.OptionalLiveReloadServer - LiveReload server is running on port 35729
 2026-06-16 19:29:38 INFO  o.s.b.w.e.tomcat.TomcatWebServer - Tomcat started on port 8080 (http) with context path '/'
 2026-06-16 19:29:38 INFO  g.a.c.schoolapp.SchoolappApplication - Started SchoolappApplication in 10.463 seconds (process running for 11.253)
 2026-06-16 19:30:17 INFO  o.s.web.servlet.DispatcherServlet - Initializing Servlet 'dispatcherServlet'
 2026-06-16 19:30:17 INFO  o.s.web.servlet.DispatcherServlet - Completed initialization in 2 ms
 2026-06-16 19:30:39 WARN  o.h.e.jdbc.spi.SqlExceptionHelper - SQL Error: 1048, SQLState: 23000
 2026-06-16 19:30:39 ERROR o.h.e.jdbc.spi.SqlExceptionHelper - Column 'role_id' cannot be null
 2026-06-16 19:32:37 WARN  o.h.e.jdbc.spi.SqlExceptionHelper - SQL Error: 1048, SQLState: 23000
 2026-06-16 19:32:37 ERROR o.h.e.jdbc.spi.SqlExceptionHelper - Column 'role_id' cannot be null
 2026-06-16 19:40:12 INFO  o.s.b.w.e.tomcat.GracefulShutdown - Commencing graceful shutdown. Waiting for active requests to complete
 2026-06-16 19:40:12 INFO  o.s.b.w.e.tomcat.GracefulShutdown - Graceful shutdown complete
 2026-06-16 19:40:12 INFO  o.s.o.j.LocalContainerEntityManagerFactoryBean - Closing JPA EntityManagerFactory for persistence unit 'default'
 2026-06-16 19:40:26 INFO  o.h.validator.internal.util.Version - HV000001: Hibernate Validator 8.0.3.Final
 2026-06-16 19:40:26 INFO  g.a.c.schoolapp.SchoolappApplication - Starting SchoolappApplication using Java 21.0.8 with PID 1562 (/Users/artemiskounalake/IdeaProjects/schoolapp/build/classes/java/main started by artemiskounalake in /Users/artemiskounalake/IdeaProjects/schoolapp)
 2026-06-16 19:40:26 INFO  g.a.c.schoolapp.SchoolappApplication - The following 1 profile is active: "dev"
 2026-06-16 19:40:26 INFO  o.s.b.d.e.DevToolsPropertyDefaultsPostProcessor - Devtools property defaults active! Set 'spring.devtools.add-properties' to 'false' to disable
 2026-06-16 19:40:26 INFO  o.s.b.d.e.DevToolsPropertyDefaultsPostProcessor - For additional web related logging consider setting the 'logging.level.web' property to 'DEBUG'
 2026-06-16 19:40:27 INFO  o.s.d.r.c.RepositoryConfigurationDelegate - Bootstrapping Spring Data JPA repositories in DEFAULT mode.
 2026-06-16 19:40:27 INFO  o.s.d.r.c.RepositoryConfigurationDelegate - Finished Spring Data repository scanning in 85 ms. Found 5 JPA repository interfaces.
 2026-06-16 19:40:28 INFO  o.s.b.w.e.tomcat.TomcatWebServer - Tomcat initialized with port 8080 (http)
 2026-06-16 19:40:28 INFO  o.s.b.w.s.c.ServletWebServerApplicationContext - Root WebApplicationContext: initialization completed in 2539 ms
 2026-06-16 19:40:29 INFO  org.flywaydb.core.FlywayExecutor - Database: jdbc:mysql://localhost:3306/school9ssr?useSSL=true&serverTimezone=UTC (MySQL 8.0)
 2026-06-16 19:40:30 INFO  o.f.core.internal.command.DbValidate - Successfully validated 6 migrations (execution time 00:00.126s)
 2026-06-16 19:40:30 INFO  o.f.core.internal.command.DbMigrate - Current version of schema `school9ssr`: 6
 2026-06-16 19:40:30 INFO  o.f.core.internal.command.DbMigrate - Schema `school9ssr` is up to date. No migration necessary.
 2026-06-16 19:40:30 INFO  org.hibernate.Version - HHH000412: Hibernate ORM core version 6.6.41.Final
 2026-06-16 19:40:30 INFO  o.h.c.i.RegionFactoryInitiator - HHH000026: Second-level cache disabled
 2026-06-16 19:40:31 INFO  o.s.o.j.p.SpringPersistenceUnitInfo - No LoadTimeWeaver setup: ignoring JPA class transformer
 2026-06-16 19:40:31 INFO  o.hibernate.orm.connections.pooling - HHH10001005: Database info:
	Database JDBC URL [Connecting through datasource 'HikariDataSource (HikariPool-1)']
	Database driver: undefined/unknown
	Database version: 8.0.45
	Autocommit mode: undefined/unknown
	Isolation level: undefined/unknown
	Minimum pool size: undefined/unknown
	Maximum pool size: undefined/unknown
 2026-06-16 19:40:33 INFO  o.h.e.t.j.p.i.JtaPlatformInitiator - HHH000489: No JTA platform available (set 'hibernate.transaction.jta.platform' to enable JTA platform integration)
 2026-06-16 19:40:33 INFO  o.s.o.j.LocalContainerEntityManagerFactoryBean - Initialized JPA EntityManagerFactory for persistence unit 'default'
 2026-06-16 19:40:34 INFO  o.s.s.c.a.a.c.InitializeUserDetailsBeanManagerConfigurer$InitializeUserDetailsManagerConfigurer - Global AuthenticationManager configured with UserDetailsService bean with name customUserDetailsService
 2026-06-16 19:40:35 INFO  o.s.b.d.a.OptionalLiveReloadServer - LiveReload server is running on port 35729
 2026-06-16 19:40:35 INFO  o.s.b.w.e.tomcat.TomcatWebServer - Tomcat started on port 8080 (http) with context path '/'
 2026-06-16 19:40:35 INFO  g.a.c.schoolapp.SchoolappApplication - Started SchoolappApplication in 9.958 seconds (process running for 10.539)
 2026-06-16 19:41:21 INFO  o.s.web.servlet.DispatcherServlet - Initializing Servlet 'dispatcherServlet'
 2026-06-16 19:41:21 INFO  o.s.web.servlet.DispatcherServlet - Completed initialization in 2 ms
 2026-06-16 19:41:39 WARN  o.h.e.jdbc.spi.SqlExceptionHelper - SQL Error: 1048, SQLState: 23000
 2026-06-16 19:41:39 ERROR o.h.e.jdbc.spi.SqlExceptionHelper - Column 'role_id' cannot be null
 2026-06-16 19:44:03 INFO  o.s.b.w.e.tomcat.GracefulShutdown - Commencing graceful shutdown. Waiting for active requests to complete
 2026-06-16 19:44:03 INFO  o.s.b.w.e.tomcat.GracefulShutdown - Graceful shutdown complete
 2026-06-16 19:44:03 INFO  o.s.o.j.LocalContainerEntityManagerFactoryBean - Closing JPA EntityManagerFactory for persistence unit 'default'
 2026-06-16 19:44:13 INFO  o.h.validator.internal.util.Version - HV000001: Hibernate Validator 8.0.3.Final
 2026-06-16 19:44:13 INFO  g.a.c.schoolapp.SchoolappApplication - Starting SchoolappApplication using Java 21.0.8 with PID 1635 (/Users/artemiskounalake/IdeaProjects/schoolapp/build/classes/java/main started by artemiskounalake in /Users/artemiskounalake/IdeaProjects/schoolapp)
 2026-06-16 19:44:13 INFO  g.a.c.schoolapp.SchoolappApplication - The following 1 profile is active: "dev"
 2026-06-16 19:44:13 INFO  o.s.b.d.e.DevToolsPropertyDefaultsPostProcessor - Devtools property defaults active! Set 'spring.devtools.add-properties' to 'false' to disable
 2026-06-16 19:44:13 INFO  o.s.b.d.e.DevToolsPropertyDefaultsPostProcessor - For additional web related logging consider setting the 'logging.level.web' property to 'DEBUG'
 2026-06-16 19:44:14 INFO  o.s.d.r.c.RepositoryConfigurationDelegate - Bootstrapping Spring Data JPA repositories in DEFAULT mode.
 2026-06-16 19:44:14 INFO  o.s.d.r.c.RepositoryConfigurationDelegate - Finished Spring Data repository scanning in 70 ms. Found 5 JPA repository interfaces.
 2026-06-16 19:44:15 INFO  o.s.b.w.e.tomcat.TomcatWebServer - Tomcat initialized with port 8080 (http)
 2026-06-16 19:44:15 INFO  o.s.b.w.s.c.ServletWebServerApplicationContext - Root WebApplicationContext: initialization completed in 2447 ms
 2026-06-16 19:44:16 INFO  org.flywaydb.core.FlywayExecutor - Database: jdbc:mysql://localhost:3306/school9ssr?useSSL=true&serverTimezone=UTC (MySQL 8.0)
 2026-06-16 19:44:17 INFO  o.f.core.internal.command.DbValidate - Successfully validated 6 migrations (execution time 00:00.080s)
 2026-06-16 19:44:17 INFO  o.f.core.internal.command.DbMigrate - Current version of schema `school9ssr`: 6
 2026-06-16 19:44:17 INFO  o.f.core.internal.command.DbMigrate - Schema `school9ssr` is up to date. No migration necessary.
 2026-06-16 19:44:17 INFO  org.hibernate.Version - HHH000412: Hibernate ORM core version 6.6.41.Final
 2026-06-16 19:44:17 INFO  o.h.c.i.RegionFactoryInitiator - HHH000026: Second-level cache disabled
 2026-06-16 19:44:18 INFO  o.s.o.j.p.SpringPersistenceUnitInfo - No LoadTimeWeaver setup: ignoring JPA class transformer
 2026-06-16 19:44:18 INFO  o.hibernate.orm.connections.pooling - HHH10001005: Database info:
	Database JDBC URL [Connecting through datasource 'HikariDataSource (HikariPool-1)']
	Database driver: undefined/unknown
	Database version: 8.0.45
	Autocommit mode: undefined/unknown
	Isolation level: undefined/unknown
	Minimum pool size: undefined/unknown
	Maximum pool size: undefined/unknown
 2026-06-16 19:44:20 INFO  o.h.e.t.j.p.i.JtaPlatformInitiator - HHH000489: No JTA platform available (set 'hibernate.transaction.jta.platform' to enable JTA platform integration)
 2026-06-16 19:44:20 INFO  o.s.o.j.LocalContainerEntityManagerFactoryBean - Initialized JPA EntityManagerFactory for persistence unit 'default'
 2026-06-16 19:44:21 INFO  o.s.s.c.a.a.c.InitializeUserDetailsBeanManagerConfigurer$InitializeUserDetailsManagerConfigurer - Global AuthenticationManager configured with UserDetailsService bean with name customUserDetailsService
 2026-06-16 19:44:22 INFO  o.s.b.d.a.OptionalLiveReloadServer - LiveReload server is running on port 35729
 2026-06-16 19:44:22 INFO  o.s.b.w.e.tomcat.TomcatWebServer - Tomcat started on port 8080 (http) with context path '/'
 2026-06-16 19:44:22 INFO  g.a.c.schoolapp.SchoolappApplication - Started SchoolappApplication in 9.538 seconds (process running for 10.257)
 2026-06-16 19:47:22 INFO  o.s.web.servlet.DispatcherServlet - Initializing Servlet 'dispatcherServlet'
 2026-06-16 19:47:22 INFO  o.s.web.servlet.DispatcherServlet - Completed initialization in 6 ms
 2026-06-16 19:47:38 INFO  g.a.cf.schoolapp.service.UserService - Save succeeded for user with username=admin@aueb.gr.
 2026-06-16 19:48:20 INFO  g.a.cf.schoolapp.service.UserService - Save succeeded for user with username=cf9@aueb.gr.
 2026-06-16 19:49:47 INFO  o.s.b.w.e.tomcat.GracefulShutdown - Commencing graceful shutdown. Waiting for active requests to complete
 2026-06-16 19:49:47 INFO  o.s.b.w.e.tomcat.GracefulShutdown - Graceful shutdown complete
 2026-06-16 19:49:47 INFO  o.s.o.j.LocalContainerEntityManagerFactoryBean - Closing JPA EntityManagerFactory for persistence unit 'default'
 2026-06-16 20:23:53 INFO  o.h.validator.internal.util.Version - HV000001: Hibernate Validator 8.0.3.Final
 2026-06-16 20:23:53 INFO  g.a.c.schoolapp.SchoolappApplication - Starting SchoolappApplication using Java 21.0.8 with PID 2186 (/Users/artemiskounalake/IdeaProjects/schoolapp/build/classes/java/main started by artemiskounalake in /Users/artemiskounalake/IdeaProjects/schoolapp)
 2026-06-16 20:23:53 INFO  g.a.c.schoolapp.SchoolappApplication - The following 1 profile is active: "dev"
 2026-06-16 20:23:53 INFO  o.s.b.d.e.DevToolsPropertyDefaultsPostProcessor - Devtools property defaults active! Set 'spring.devtools.add-properties' to 'false' to disable
 2026-06-16 20:23:53 INFO  o.s.b.d.e.DevToolsPropertyDefaultsPostProcessor - For additional web related logging consider setting the 'logging.level.web' property to 'DEBUG'
 2026-06-16 20:23:56 INFO  o.s.d.r.c.RepositoryConfigurationDelegate - Bootstrapping Spring Data JPA repositories in DEFAULT mode.
 2026-06-16 20:23:56 INFO  o.s.d.r.c.RepositoryConfigurationDelegate - Finished Spring Data repository scanning in 287 ms. Found 5 JPA repository interfaces.
 2026-06-16 20:23:59 INFO  o.s.b.w.e.tomcat.TomcatWebServer - Tomcat initialized with port 8080 (http)
 2026-06-16 20:23:59 INFO  o.s.b.w.s.c.ServletWebServerApplicationContext - Root WebApplicationContext: initialization completed in 5227 ms
 2026-06-16 20:24:00 INFO  org.flywaydb.core.FlywayExecutor - Database: jdbc:mysql://localhost:3306/school9ssr?useSSL=true&serverTimezone=UTC (MySQL 8.0)
 2026-06-16 20:24:01 INFO  o.f.core.internal.command.DbValidate - Successfully validated 6 migrations (execution time 00:00.171s)
 2026-06-16 20:24:01 INFO  o.f.core.internal.command.DbMigrate - Current version of schema `school9ssr`: 6
 2026-06-16 20:24:01 INFO  o.f.core.internal.command.DbMigrate - Schema `school9ssr` is up to date. No migration necessary.
 2026-06-16 20:24:01 INFO  org.hibernate.Version - HHH000412: Hibernate ORM core version 6.6.41.Final
 2026-06-16 20:24:01 INFO  o.h.c.i.RegionFactoryInitiator - HHH000026: Second-level cache disabled
 2026-06-16 20:24:02 INFO  o.s.o.j.p.SpringPersistenceUnitInfo - No LoadTimeWeaver setup: ignoring JPA class transformer
 2026-06-16 20:24:02 INFO  o.hibernate.orm.connections.pooling - HHH10001005: Database info:
	Database JDBC URL [Connecting through datasource 'HikariDataSource (HikariPool-1)']
	Database driver: undefined/unknown
	Database version: 8.0.45
	Autocommit mode: undefined/unknown
	Isolation level: undefined/unknown
	Minimum pool size: undefined/unknown
	Maximum pool size: undefined/unknown
 2026-06-16 20:24:04 INFO  o.h.e.t.j.p.i.JtaPlatformInitiator - HHH000489: No JTA platform available (set 'hibernate.transaction.jta.platform' to enable JTA platform integration)
 2026-06-16 20:24:04 INFO  o.s.o.j.LocalContainerEntityManagerFactoryBean - Initialized JPA EntityManagerFactory for persistence unit 'default'
 2026-06-16 20:24:05 INFO  o.s.b.a.w.s.WelcomePageHandlerMapping - Adding welcome page template: index
 2026-06-16 20:24:05 INFO  o.s.s.c.a.a.c.InitializeUserDetailsBeanManagerConfigurer$InitializeUserDetailsManagerConfigurer - Global AuthenticationManager configured with UserDetailsService bean with name customUserDetailsService
 2026-06-16 20:24:06 INFO  o.s.b.d.a.OptionalLiveReloadServer - LiveReload server is running on port 35729
 2026-06-16 20:24:06 INFO  o.s.b.w.e.tomcat.TomcatWebServer - Tomcat started on port 8080 (http) with context path '/'
 2026-06-16 20:24:06 INFO  g.a.c.schoolapp.SchoolappApplication - Started SchoolappApplication in 13.691 seconds (process running for 14.387)
 2026-06-16 20:24:53 INFO  o.s.web.servlet.DispatcherServlet - Initializing Servlet 'dispatcherServlet'
 2026-06-16 20:24:53 INFO  o.s.web.servlet.DispatcherServlet - Completed initialization in 3 ms
 2026-06-16 20:25:21 WARN  g.a.c.s.a.CustomAuthenticationFailureHandler - Authentication for username =cf9@aueb.gr from IP =127.0.0.1 and user-agent=Mozilla/5.0 (Macintosh; Intel Mac OS X 10.15; rv:151.0) Gecko/20100101 Firefox/151.0
 2026-06-16 20:32:02 WARN  g.a.c.s.a.CustomAuthenticationFailureHandler - Authentication for username =cf9@aueb.gr from IP =127.0.0.1 and user-agent=Mozilla/5.0 (Macintosh; Intel Mac OS X 10.15; rv:151.0) Gecko/20100101 Firefox/151.0
 2026-06-16 20:32:34 INFO  g.a.cf.schoolapp.service.UserService - Save succeeded for user with username=artemis@aueb.gr.
 2026-06-16 20:35:37 INFO  o.s.b.w.e.tomcat.GracefulShutdown - Commencing graceful shutdown. Waiting for active requests to complete
 2026-06-16 20:35:37 INFO  o.s.b.w.e.tomcat.GracefulShutdown - Graceful shutdown complete
 2026-06-16 20:35:37 INFO  o.s.o.j.LocalContainerEntityManagerFactoryBean - Closing JPA EntityManagerFactory for persistence unit 'default'
 2026-06-16 20:37:05 INFO  o.h.validator.internal.util.Version - HV000001: Hibernate Validator 8.0.3.Final
 2026-06-16 20:37:05 INFO  g.a.c.schoolapp.SchoolappApplication - Starting SchoolappApplication using Java 21.0.8 with PID 2350 (/Users/artemiskounalake/IdeaProjects/schoolapp/build/classes/java/main started by artemiskounalake in /Users/artemiskounalake/IdeaProjects/schoolapp)
 2026-06-16 20:37:05 INFO  g.a.c.schoolapp.SchoolappApplication - The following 1 profile is active: "dev"
 2026-06-16 20:37:05 INFO  o.s.b.d.e.DevToolsPropertyDefaultsPostProcessor - Devtools property defaults active! Set 'spring.devtools.add-properties' to 'false' to disable
 2026-06-16 20:37:05 INFO  o.s.b.d.e.DevToolsPropertyDefaultsPostProcessor - For additional web related logging consider setting the 'logging.level.web' property to 'DEBUG'
 2026-06-16 20:37:07 INFO  o.s.d.r.c.RepositoryConfigurationDelegate - Bootstrapping Spring Data JPA repositories in DEFAULT mode.
 2026-06-16 20:37:07 INFO  o.s.d.r.c.RepositoryConfigurationDelegate - Finished Spring Data repository scanning in 100 ms. Found 5 JPA repository interfaces.
 2026-06-16 20:37:08 INFO  o.s.b.w.e.tomcat.TomcatWebServer - Tomcat initialized with port 8080 (http)
 2026-06-16 20:37:08 INFO  o.s.b.w.s.c.ServletWebServerApplicationContext - Root WebApplicationContext: initialization completed in 2967 ms
 2026-06-16 20:37:10 INFO  org.flywaydb.core.FlywayExecutor - Database: jdbc:mysql://localhost:3306/school9ssr?useSSL=true&serverTimezone=UTC (MySQL 8.0)
 2026-06-16 20:37:10 INFO  o.f.core.internal.command.DbValidate - Successfully validated 6 migrations (execution time 00:00.098s)
 2026-06-16 20:37:10 INFO  o.f.core.internal.command.DbMigrate - Current version of schema `school9ssr`: 6
 2026-06-16 20:37:10 INFO  o.f.core.internal.command.DbMigrate - Schema `school9ssr` is up to date. No migration necessary.
 2026-06-16 20:37:11 INFO  org.hibernate.Version - HHH000412: Hibernate ORM core version 6.6.41.Final
 2026-06-16 20:37:11 INFO  o.h.c.i.RegionFactoryInitiator - HHH000026: Second-level cache disabled
 2026-06-16 20:37:11 INFO  o.s.o.j.p.SpringPersistenceUnitInfo - No LoadTimeWeaver setup: ignoring JPA class transformer
 2026-06-16 20:37:11 INFO  o.hibernate.orm.connections.pooling - HHH10001005: Database info:
	Database JDBC URL [Connecting through datasource 'HikariDataSource (HikariPool-1)']
	Database driver: undefined/unknown
	Database version: 8.0.45
	Autocommit mode: undefined/unknown
	Isolation level: undefined/unknown
	Minimum pool size: undefined/unknown
	Maximum pool size: undefined/unknown
 2026-06-16 20:37:13 INFO  o.h.e.t.j.p.i.JtaPlatformInitiator - HHH000489: No JTA platform available (set 'hibernate.transaction.jta.platform' to enable JTA platform integration)
 2026-06-16 20:37:13 INFO  o.s.o.j.LocalContainerEntityManagerFactoryBean - Initialized JPA EntityManagerFactory for persistence unit 'default'
 2026-06-16 20:37:14 INFO  o.s.b.a.w.s.WelcomePageHandlerMapping - Adding welcome page template: index
 2026-06-16 20:37:14 INFO  o.s.s.c.a.a.c.InitializeUserDetailsBeanManagerConfigurer$InitializeUserDetailsManagerConfigurer - Global AuthenticationManager configured with UserDetailsService bean with name customUserDetailsService
 2026-06-16 20:37:15 INFO  o.s.b.d.a.OptionalLiveReloadServer - LiveReload server is running on port 35729
 2026-06-16 20:37:15 INFO  o.s.b.w.e.tomcat.TomcatWebServer - Tomcat started on port 8080 (http) with context path '/'
 2026-06-16 20:37:15 INFO  g.a.c.schoolapp.SchoolappApplication - Started SchoolappApplication in 11.035 seconds (process running for 12.03)
 2026-06-16 20:37:46 INFO  o.s.web.servlet.DispatcherServlet - Initializing Servlet 'dispatcherServlet'
 2026-06-16 20:37:46 INFO  o.s.web.servlet.DispatcherServlet - Completed initialization in 2 ms
 2026-06-16 20:37:51 INFO  g.a.c.s.a.CustomAuthenticationSuccessHandler - User artemis@aueb.gr logged in successfully
 2026-06-16 20:37:51 ERROR org.thymeleaf.TemplateEngine - [THYMELEAF][http-nio-8080-exec-8] Exception processing template "teachers": An error happened during template parsing (template: "class path resource [templates/teachers.html]")
 org.thymeleaf.exceptions.TemplateInputException: An error happened during template parsing (template: "class path resource [templates/teachers.html]")
	at org.thymeleaf.templateparser.markup.AbstractMarkupTemplateParser.parse(AbstractMarkupTemplateParser.java:241)
Caused by: org.attoparser.ParseException: Could not parse as expression: "@{\logout" (template: "fragments/header" - line 15, col 13)
	at org.attoparser.MarkupParser.parseDocument(MarkupParser.java:393)
Caused by: org.thymeleaf.exceptions.TemplateProcessingException: Could not parse as expression: "@{\logout" (template: "fragments/header" - line 15, col 13)
	at org.thymeleaf.standard.expression.StandardExpressionParser.parseExpression(StandardExpressionParser.java:131)
2026-06-16 20:37:56 ERROR org.thymeleaf.TemplateEngine - [THYMELEAF][http-nio-8080-exec-2] Exception processing template "teachers": An error happened during template parsing (template: "class path resource [templates/teachers.html]")
 org.thymeleaf.exceptions.TemplateInputException: An error happened during template parsing (template: "class path resource [templates/teachers.html]")
	at org.thymeleaf.templateparser.markup.AbstractMarkupTemplateParser.parse(AbstractMarkupTemplateParser.java:241)
Caused by: org.attoparser.ParseException: Could not parse as expression: "@{\logout" (template: "fragments/header" - line 15, col 13)
	at org.attoparser.MarkupParser.parseDocument(MarkupParser.java:393)
Caused by: org.thymeleaf.exceptions.TemplateProcessingException: Could not parse as expression: "@{\logout" (template: "fragments/header" - line 15, col 13)
	at org.thymeleaf.standard.expression.StandardExpressionParser.parseExpression(StandardExpressionParser.java:131)
2026-06-16 20:37:58 ERROR org.thymeleaf.TemplateEngine - [THYMELEAF][http-nio-8080-exec-5] Exception processing template "teachers": An error happened during template parsing (template: "class path resource [templates/teachers.html]")
 org.thymeleaf.exceptions.TemplateInputException: An error happened during template parsing (template: "class path resource [templates/teachers.html]")
	at org.thymeleaf.templateparser.markup.AbstractMarkupTemplateParser.parse(AbstractMarkupTemplateParser.java:241)
Caused by: org.attoparser.ParseException: Could not parse as expression: "@{\logout" (template: "fragments/header" - line 15, col 13)
	at org.attoparser.MarkupParser.parseDocument(MarkupParser.java:393)
Caused by: org.thymeleaf.exceptions.TemplateProcessingException: Could not parse as expression: "@{\logout" (template: "fragments/header" - line 15, col 13)
	at org.thymeleaf.standard.expression.StandardExpressionParser.parseExpression(StandardExpressionParser.java:131)
2026-06-16 20:38:25 ERROR org.thymeleaf.TemplateEngine - [THYMELEAF][http-nio-8080-exec-8] Exception processing template "teachers": An error happened during template parsing (template: "class path resource [templates/teachers.html]")
 org.thymeleaf.exceptions.TemplateInputException: An error happened during template parsing (template: "class path resource [templates/teachers.html]")
	at org.thymeleaf.templateparser.markup.AbstractMarkupTemplateParser.parse(AbstractMarkupTemplateParser.java:241)
Caused by: org.attoparser.ParseException: Could not parse as expression: "@{\logout" (template: "fragments/header" - line 15, col 13)
	at org.attoparser.MarkupParser.parseDocument(MarkupParser.java:393)
Caused by: org.thymeleaf.exceptions.TemplateProcessingException: Could not parse as expression: "@{\logout" (template: "fragments/header" - line 15, col 13)
	at org.thymeleaf.standard.expression.StandardExpressionParser.parseExpression(StandardExpressionParser.java:131)
2026-06-16 20:38:29 ERROR org.thymeleaf.TemplateEngine - [THYMELEAF][http-nio-8080-exec-10] Exception processing template "teachers": An error happened during template parsing (template: "class path resource [templates/teachers.html]")
 org.thymeleaf.exceptions.TemplateInputException: An error happened during template parsing (template: "class path resource [templates/teachers.html]")
	at org.thymeleaf.templateparser.markup.AbstractMarkupTemplateParser.parse(AbstractMarkupTemplateParser.java:241)
Caused by: org.attoparser.ParseException: Could not parse as expression: "@{\logout" (template: "fragments/header" - line 15, col 13)
	at org.attoparser.MarkupParser.parseDocument(MarkupParser.java:393)
Caused by: org.thymeleaf.exceptions.TemplateProcessingException: Could not parse as expression: "@{\logout" (template: "fragments/header" - line 15, col 13)
	at org.thymeleaf.standard.expression.StandardExpressionParser.parseExpression(StandardExpressionParser.java:131)
2026-06-16 20:38:46 ERROR org.thymeleaf.TemplateEngine - [THYMELEAF][http-nio-8080-exec-2] Exception processing template "teachers": An error happened during template parsing (template: "class path resource [templates/teachers.html]")
 org.thymeleaf.exceptions.TemplateInputException: An error happened during template parsing (template: "class path resource [templates/teachers.html]")
	at org.thymeleaf.templateparser.markup.AbstractMarkupTemplateParser.parse(AbstractMarkupTemplateParser.java:241)
Caused by: org.attoparser.ParseException: Could not parse as expression: "@{\logout" (template: "fragments/header" - line 15, col 13)
	at org.attoparser.MarkupParser.parseDocument(MarkupParser.java:393)
Caused by: org.thymeleaf.exceptions.TemplateProcessingException: Could not parse as expression: "@{\logout" (template: "fragments/header" - line 15, col 13)
	at org.thymeleaf.standard.expression.StandardExpressionParser.parseExpression(StandardExpressionParser.java:131)
2026-06-16 20:40:40 ERROR org.thymeleaf.TemplateEngine - [THYMELEAF][http-nio-8080-exec-3] Exception processing template "teachers": An error happened during template parsing (template: "class path resource [templates/teachers.html]")
 org.thymeleaf.exceptions.TemplateInputException: An error happened during template parsing (template: "class path resource [templates/teachers.html]")
	at org.thymeleaf.templateparser.markup.AbstractMarkupTemplateParser.parse(AbstractMarkupTemplateParser.java:241)
Caused by: org.attoparser.ParseException: Could not parse as expression: "@{\logout" (template: "fragments/header" - line 15, col 13)
	at org.attoparser.MarkupParser.parseDocument(MarkupParser.java:393)
Caused by: org.thymeleaf.exceptions.TemplateProcessingException: Could not parse as expression: "@{\logout" (template: "fragments/header" - line 15, col 13)
	at org.thymeleaf.standard.expression.StandardExpressionParser.parseExpression(StandardExpressionParser.java:131)
2026-06-16 20:41:56 ERROR org.thymeleaf.TemplateEngine - [THYMELEAF][http-nio-8080-exec-6] Exception processing template "teachers": An error happened during template parsing (template: "class path resource [templates/teachers.html]")
 org.thymeleaf.exceptions.TemplateInputException: An error happened during template parsing (template: "class path resource [templates/teachers.html]")
	at org.thymeleaf.templateparser.markup.AbstractMarkupTemplateParser.parse(AbstractMarkupTemplateParser.java:241)
Caused by: org.attoparser.ParseException: Could not parse as expression: "@{\logout" (template: "fragments/header" - line 15, col 13)
	at org.attoparser.MarkupParser.parseDocument(MarkupParser.java:393)
Caused by: org.thymeleaf.exceptions.TemplateProcessingException: Could not parse as expression: "@{\logout" (template: "fragments/header" - line 15, col 13)
	at org.thymeleaf.standard.expression.StandardExpressionParser.parseExpression(StandardExpressionParser.java:131)
2026-06-16 20:42:01 ERROR org.thymeleaf.TemplateEngine - [THYMELEAF][http-nio-8080-exec-9] Exception processing template "teachers": An error happened during template parsing (template: "class path resource [templates/teachers.html]")
 org.thymeleaf.exceptions.TemplateInputException: An error happened during template parsing (template: "class path resource [templates/teachers.html]")
	at org.thymeleaf.templateparser.markup.AbstractMarkupTemplateParser.parse(AbstractMarkupTemplateParser.java:241)
Caused by: org.attoparser.ParseException: Could not parse as expression: "@{\logout" (template: "fragments/header" - line 15, col 13)
	at org.attoparser.MarkupParser.parseDocument(MarkupParser.java:393)
Caused by: org.thymeleaf.exceptions.TemplateProcessingException: Could not parse as expression: "@{\logout" (template: "fragments/header" - line 15, col 13)
	at org.thymeleaf.standard.expression.StandardExpressionParser.parseExpression(StandardExpressionParser.java:131)
2026-06-16 20:42:07 INFO  o.s.b.w.e.tomcat.GracefulShutdown - Commencing graceful shutdown. Waiting for active requests to complete
 2026-06-16 20:42:08 INFO  o.s.b.w.e.tomcat.GracefulShutdown - Graceful shutdown complete
 2026-06-16 20:42:08 INFO  o.s.o.j.LocalContainerEntityManagerFactoryBean - Closing JPA EntityManagerFactory for persistence unit 'default'
 2026-06-16 20:44:31 INFO  o.h.validator.internal.util.Version - HV000001: Hibernate Validator 8.0.3.Final
 2026-06-16 20:44:31 INFO  g.a.c.schoolapp.SchoolappApplication - Starting SchoolappApplication using Java 21.0.8 with PID 2454 (/Users/artemiskounalake/IdeaProjects/schoolapp/build/classes/java/main started by artemiskounalake in /Users/artemiskounalake/IdeaProjects/schoolapp)
 2026-06-16 20:44:31 INFO  g.a.c.schoolapp.SchoolappApplication - The following 1 profile is active: "dev"
 2026-06-16 20:44:31 INFO  o.s.b.d.e.DevToolsPropertyDefaultsPostProcessor - Devtools property defaults active! Set 'spring.devtools.add-properties' to 'false' to disable
 2026-06-16 20:44:31 INFO  o.s.b.d.e.DevToolsPropertyDefaultsPostProcessor - For additional web related logging consider setting the 'logging.level.web' property to 'DEBUG'
 2026-06-16 20:44:33 INFO  o.s.d.r.c.RepositoryConfigurationDelegate - Bootstrapping Spring Data JPA repositories in DEFAULT mode.
 2026-06-16 20:44:33 INFO  o.s.d.r.c.RepositoryConfigurationDelegate - Finished Spring Data repository scanning in 99 ms. Found 5 JPA repository interfaces.
 2026-06-16 20:44:34 INFO  o.s.b.w.e.tomcat.TomcatWebServer - Tomcat initialized with port 8080 (http)
 2026-06-16 20:44:34 INFO  o.s.b.w.s.c.ServletWebServerApplicationContext - Root WebApplicationContext: initialization completed in 2720 ms
 2026-06-16 20:44:35 INFO  org.flywaydb.core.FlywayExecutor - Database: jdbc:mysql://localhost:3306/school9ssr?useSSL=true&serverTimezone=UTC (MySQL 8.0)
 2026-06-16 20:44:36 INFO  o.f.core.internal.command.DbValidate - Successfully validated 6 migrations (execution time 00:00.108s)
 2026-06-16 20:44:36 INFO  o.f.core.internal.command.DbMigrate - Current version of schema `school9ssr`: 6
 2026-06-16 20:44:36 INFO  o.f.core.internal.command.DbMigrate - Schema `school9ssr` is up to date. No migration necessary.
 2026-06-16 20:44:36 INFO  org.hibernate.Version - HHH000412: Hibernate ORM core version 6.6.41.Final
 2026-06-16 20:44:36 INFO  o.h.c.i.RegionFactoryInitiator - HHH000026: Second-level cache disabled
 2026-06-16 20:44:37 INFO  o.s.o.j.p.SpringPersistenceUnitInfo - No LoadTimeWeaver setup: ignoring JPA class transformer
 2026-06-16 20:44:37 INFO  o.hibernate.orm.connections.pooling - HHH10001005: Database info:
	Database JDBC URL [Connecting through datasource 'HikariDataSource (HikariPool-1)']
	Database driver: undefined/unknown
	Database version: 8.0.45
	Autocommit mode: undefined/unknown
	Isolation level: undefined/unknown
	Minimum pool size: undefined/unknown
	Maximum pool size: undefined/unknown
 2026-06-16 20:44:39 INFO  o.h.e.t.j.p.i.JtaPlatformInitiator - HHH000489: No JTA platform available (set 'hibernate.transaction.jta.platform' to enable JTA platform integration)
 2026-06-16 20:44:39 INFO  o.s.o.j.LocalContainerEntityManagerFactoryBean - Initialized JPA EntityManagerFactory for persistence unit 'default'
 2026-06-16 20:44:40 INFO  o.s.b.a.w.s.WelcomePageHandlerMapping - Adding welcome page template: index
 2026-06-16 20:44:41 INFO  o.s.s.c.a.a.c.InitializeUserDetailsBeanManagerConfigurer$InitializeUserDetailsManagerConfigurer - Global AuthenticationManager configured with UserDetailsService bean with name customUserDetailsService
 2026-06-16 20:44:42 INFO  o.s.b.d.a.OptionalLiveReloadServer - LiveReload server is running on port 35729
 2026-06-16 20:44:42 INFO  o.s.b.w.e.tomcat.TomcatWebServer - Tomcat started on port 8080 (http) with context path '/'
 2026-06-16 20:44:42 INFO  g.a.c.schoolapp.SchoolappApplication - Started SchoolappApplication in 11.125 seconds (process running for 11.735)
 2026-06-16 20:44:55 INFO  o.s.web.servlet.DispatcherServlet - Initializing Servlet 'dispatcherServlet'
 2026-06-16 20:44:55 INFO  o.s.web.servlet.DispatcherServlet - Completed initialization in 2 ms
 2026-06-16 20:45:05 INFO  g.a.c.s.a.CustomAuthenticationSuccessHandler - User artemis@aueb.gr logged in successfully
 2026-06-16 20:45:05 ERROR org.thymeleaf.TemplateEngine - [THYMELEAF][http-nio-8080-exec-6] Exception processing template "teachers": An error happened during template parsing (template: "class path resource [templates/teachers.html]")
 org.thymeleaf.exceptions.TemplateInputException: An error happened during template parsing (template: "class path resource [templates/teachers.html]")
	at org.thymeleaf.templateparser.markup.AbstractMarkupTemplateParser.parse(AbstractMarkupTemplateParser.java:241)
Caused by: org.attoparser.ParseException: Could not parse as expression: "@{\logout" (template: "fragments/header" - line 15, col 13)
	at org.attoparser.MarkupParser.parseDocument(MarkupParser.java:393)
Caused by: org.thymeleaf.exceptions.TemplateProcessingException: Could not parse as expression: "@{\logout" (template: "fragments/header" - line 15, col 13)
	at org.thymeleaf.standard.expression.StandardExpressionParser.parseExpression(StandardExpressionParser.java:131)
2026-06-16 20:45:10 ERROR org.thymeleaf.TemplateEngine - [THYMELEAF][http-nio-8080-exec-9] Exception processing template "teachers": An error happened during template parsing (template: "class path resource [templates/teachers.html]")
 org.thymeleaf.exceptions.TemplateInputException: An error happened during template parsing (template: "class path resource [templates/teachers.html]")
	at org.thymeleaf.templateparser.markup.AbstractMarkupTemplateParser.parse(AbstractMarkupTemplateParser.java:241)
Caused by: org.attoparser.ParseException: Could not parse as expression: "@{\logout" (template: "fragments/header" - line 15, col 13)
	at org.attoparser.MarkupParser.parseDocument(MarkupParser.java:393)
Caused by: org.thymeleaf.exceptions.TemplateProcessingException: Could not parse as expression: "@{\logout" (template: "fragments/header" - line 15, col 13)
	at org.thymeleaf.standard.expression.StandardExpressionParser.parseExpression(StandardExpressionParser.java:131)
2026-06-16 20:45:28 ERROR org.thymeleaf.TemplateEngine - [THYMELEAF][http-nio-8080-exec-1] Exception processing template "teachers": An error happened during template parsing (template: "class path resource [templates/teachers.html]")
 org.thymeleaf.exceptions.TemplateInputException: An error happened during template parsing (template: "class path resource [templates/teachers.html]")
	at org.thymeleaf.templateparser.markup.AbstractMarkupTemplateParser.parse(AbstractMarkupTemplateParser.java:241)
Caused by: org.attoparser.ParseException: Could not parse as expression: "@{\logout" (template: "fragments/header" - line 15, col 13)
	at org.attoparser.MarkupParser.parseDocument(MarkupParser.java:393)
Caused by: org.thymeleaf.exceptions.TemplateProcessingException: Could not parse as expression: "@{\logout" (template: "fragments/header" - line 15, col 13)
	at org.thymeleaf.standard.expression.StandardExpressionParser.parseExpression(StandardExpressionParser.java:131)
2026-06-16 20:45:30 ERROR org.thymeleaf.TemplateEngine - [THYMELEAF][http-nio-8080-exec-3] Exception processing template "teachers": An error happened during template parsing (template: "class path resource [templates/teachers.html]")
 org.thymeleaf.exceptions.TemplateInputException: An error happened during template parsing (template: "class path resource [templates/teachers.html]")
	at org.thymeleaf.templateparser.markup.AbstractMarkupTemplateParser.parse(AbstractMarkupTemplateParser.java:241)
Caused by: org.attoparser.ParseException: Could not parse as expression: "@{\logout" (template: "fragments/header" - line 15, col 13)
	at org.attoparser.MarkupParser.parseDocument(MarkupParser.java:393)
Caused by: org.thymeleaf.exceptions.TemplateProcessingException: Could not parse as expression: "@{\logout" (template: "fragments/header" - line 15, col 13)
	at org.thymeleaf.standard.expression.StandardExpressionParser.parseExpression(StandardExpressionParser.java:131)
2026-06-16 20:45:31 ERROR org.thymeleaf.TemplateEngine - [THYMELEAF][http-nio-8080-exec-7] Exception processing template "teachers": An error happened during template parsing (template: "class path resource [templates/teachers.html]")
 org.thymeleaf.exceptions.TemplateInputException: An error happened during template parsing (template: "class path resource [templates/teachers.html]")
	at org.thymeleaf.templateparser.markup.AbstractMarkupTemplateParser.parse(AbstractMarkupTemplateParser.java:241)
Caused by: org.attoparser.ParseException: Could not parse as expression: "@{\logout" (template: "fragments/header" - line 15, col 13)
	at org.attoparser.MarkupParser.parseDocument(MarkupParser.java:393)
Caused by: org.thymeleaf.exceptions.TemplateProcessingException: Could not parse as expression: "@{\logout" (template: "fragments/header" - line 15, col 13)
	at org.thymeleaf.standard.expression.StandardExpressionParser.parseExpression(StandardExpressionParser.java:131)
2026-06-16 20:49:55 INFO  o.s.b.w.e.tomcat.GracefulShutdown - Commencing graceful shutdown. Waiting for active requests to complete
 2026-06-16 20:49:55 INFO  o.s.b.w.e.tomcat.GracefulShutdown - Graceful shutdown complete
 2026-06-16 20:49:55 INFO  o.s.o.j.LocalContainerEntityManagerFactoryBean - Closing JPA EntityManagerFactory for persistence unit 'default'
 2026-06-16 20:50:02 INFO  o.h.validator.internal.util.Version - HV000001: Hibernate Validator 8.0.3.Final
 2026-06-16 20:50:02 INFO  g.a.c.schoolapp.SchoolappApplication - Starting SchoolappApplication using Java 21.0.8 with PID 2543 (/Users/artemiskounalake/IdeaProjects/schoolapp/build/classes/java/main started by artemiskounalake in /Users/artemiskounalake/IdeaProjects/schoolapp)
 2026-06-16 20:50:02 INFO  g.a.c.schoolapp.SchoolappApplication - The following 1 profile is active: "dev"
 2026-06-16 20:50:02 INFO  o.s.b.d.e.DevToolsPropertyDefaultsPostProcessor - Devtools property defaults active! Set 'spring.devtools.add-properties' to 'false' to disable
 2026-06-16 20:50:02 INFO  o.s.b.d.e.DevToolsPropertyDefaultsPostProcessor - For additional web related logging consider setting the 'logging.level.web' property to 'DEBUG'
 2026-06-16 20:50:05 INFO  o.s.d.r.c.RepositoryConfigurationDelegate - Bootstrapping Spring Data JPA repositories in DEFAULT mode.
 2026-06-16 20:50:05 INFO  o.s.d.r.c.RepositoryConfigurationDelegate - Finished Spring Data repository scanning in 106 ms. Found 5 JPA repository interfaces.
 2026-06-16 20:50:07 INFO  o.s.b.w.e.tomcat.TomcatWebServer - Tomcat initialized with port 8080 (http)
 2026-06-16 20:50:07 INFO  o.s.b.w.s.c.ServletWebServerApplicationContext - Root WebApplicationContext: initialization completed in 4815 ms
 2026-06-16 20:50:09 INFO  org.flywaydb.core.FlywayExecutor - Database: jdbc:mysql://localhost:3306/school9ssr?useSSL=true&serverTimezone=UTC (MySQL 8.0)
 2026-06-16 20:50:10 INFO  o.f.core.internal.command.DbValidate - Successfully validated 6 migrations (execution time 00:00.144s)
 2026-06-16 20:50:10 INFO  o.f.core.internal.command.DbMigrate - Current version of schema `school9ssr`: 6
 2026-06-16 20:50:10 INFO  o.f.core.internal.command.DbMigrate - Schema `school9ssr` is up to date. No migration necessary.
 2026-06-16 20:50:10 INFO  org.hibernate.Version - HHH000412: Hibernate ORM core version 6.6.41.Final
 2026-06-16 20:50:10 INFO  o.h.c.i.RegionFactoryInitiator - HHH000026: Second-level cache disabled
 2026-06-16 20:50:11 INFO  o.s.o.j.p.SpringPersistenceUnitInfo - No LoadTimeWeaver setup: ignoring JPA class transformer
 2026-06-16 20:50:11 INFO  o.hibernate.orm.connections.pooling - HHH10001005: Database info:
	Database JDBC URL [Connecting through datasource 'HikariDataSource (HikariPool-1)']
	Database driver: undefined/unknown
	Database version: 8.0.45
	Autocommit mode: undefined/unknown
	Isolation level: undefined/unknown
	Minimum pool size: undefined/unknown
	Maximum pool size: undefined/unknown
 2026-06-16 20:50:12 INFO  o.h.e.t.j.p.i.JtaPlatformInitiator - HHH000489: No JTA platform available (set 'hibernate.transaction.jta.platform' to enable JTA platform integration)
 2026-06-16 20:50:13 INFO  o.s.o.j.LocalContainerEntityManagerFactoryBean - Initialized JPA EntityManagerFactory for persistence unit 'default'
 2026-06-16 20:50:13 INFO  o.s.b.a.w.s.WelcomePageHandlerMapping - Adding welcome page template: index
 2026-06-16 20:50:14 INFO  o.s.s.c.a.a.c.InitializeUserDetailsBeanManagerConfigurer$InitializeUserDetailsManagerConfigurer - Global AuthenticationManager configured with UserDetailsService bean with name customUserDetailsService
 2026-06-16 20:50:15 INFO  o.s.b.d.a.OptionalLiveReloadServer - LiveReload server is running on port 35729
 2026-06-16 20:50:15 INFO  o.s.b.w.e.tomcat.TomcatWebServer - Tomcat started on port 8080 (http) with context path '/'
 2026-06-16 20:50:15 INFO  g.a.c.schoolapp.SchoolappApplication - Started SchoolappApplication in 13.596 seconds (process running for 14.251)
 2026-06-16 20:51:13 INFO  o.s.web.servlet.DispatcherServlet - Initializing Servlet 'dispatcherServlet'
 2026-06-16 20:51:13 INFO  o.s.web.servlet.DispatcherServlet - Completed initialization in 2 ms
 2026-06-16 20:51:18 INFO  g.a.c.s.a.CustomAuthenticationSuccessHandler - User artemis@aueb.gr logged in successfully
 2026-06-16 20:51:18 ERROR org.thymeleaf.TemplateEngine - [THYMELEAF][http-nio-8080-exec-10] Exception processing template "teachers": An error happened during template parsing (template: "class path resource [templates/teachers.html]")
 org.thymeleaf.exceptions.TemplateInputException: An error happened during template parsing (template: "class path resource [templates/teachers.html]")
	at org.thymeleaf.templateparser.markup.AbstractMarkupTemplateParser.parse(AbstractMarkupTemplateParser.java:241)
Caused by: org.attoparser.ParseException: Could not parse as expression: "@{/logout" (template: "fragments/header" - line 15, col 13)
	at org.attoparser.MarkupParser.parseDocument(MarkupParser.java:393)
Caused by: org.thymeleaf.exceptions.TemplateProcessingException: Could not parse as expression: "@{/logout" (template: "fragments/header" - line 15, col 13)
	at org.thymeleaf.standard.expression.StandardExpressionParser.parseExpression(StandardExpressionParser.java:131)
2026-06-16 20:51:18 WARN  o.s.w.s.m.s.DefaultHandlerExceptionResolver - Resolved [org.springframework.http.converter.HttpMessageNotWritableException: No converter for [class java.util.LinkedHashMap] with preset Content-Type 'text/html;charset=UTF-8']
 2026-06-16 21:06:46 INFO  o.s.b.w.e.tomcat.GracefulShutdown - Commencing graceful shutdown. Waiting for active requests to complete
 2026-06-16 21:06:46 INFO  o.s.b.w.e.tomcat.GracefulShutdown - Graceful shutdown complete
 2026-06-16 21:06:46 INFO  o.s.o.j.LocalContainerEntityManagerFactoryBean - Closing JPA EntityManagerFactory for persistence unit 'default'
 2026-06-16 21:06:56 INFO  o.h.validator.internal.util.Version - HV000001: Hibernate Validator 8.0.3.Final
 2026-06-16 21:06:56 INFO  g.a.c.schoolapp.SchoolappApplication - Starting SchoolappApplication using Java 21.0.8 with PID 2758 (/Users/artemiskounalake/IdeaProjects/schoolapp/build/classes/java/main started by artemiskounalake in /Users/artemiskounalake/IdeaProjects/schoolapp)
 2026-06-16 21:06:56 INFO  g.a.c.schoolapp.SchoolappApplication - The following 1 profile is active: "dev"
 2026-06-16 21:06:56 INFO  o.s.b.d.e.DevToolsPropertyDefaultsPostProcessor - Devtools property defaults active! Set 'spring.devtools.add-properties' to 'false' to disable
 2026-06-16 21:06:56 INFO  o.s.b.d.e.DevToolsPropertyDefaultsPostProcessor - For additional web related logging consider setting the 'logging.level.web' property to 'DEBUG'
 2026-06-16 21:06:57 INFO  o.s.d.r.c.RepositoryConfigurationDelegate - Bootstrapping Spring Data JPA repositories in DEFAULT mode.
 2026-06-16 21:06:57 INFO  o.s.d.r.c.RepositoryConfigurationDelegate - Finished Spring Data repository scanning in 73 ms. Found 5 JPA repository interfaces.
 2026-06-16 21:06:58 INFO  o.s.b.w.e.tomcat.TomcatWebServer - Tomcat initialized with port 8080 (http)
 2026-06-16 21:06:58 INFO  o.s.b.w.s.c.ServletWebServerApplicationContext - Root WebApplicationContext: initialization completed in 2454 ms
 2026-06-16 21:07:00 INFO  org.flywaydb.core.FlywayExecutor - Database: jdbc:mysql://localhost:3306/school9ssr?useSSL=true&serverTimezone=UTC (MySQL 8.0)
 2026-06-16 21:07:00 INFO  o.f.core.internal.command.DbValidate - Successfully validated 6 migrations (execution time 00:00.108s)
 2026-06-16 21:07:00 INFO  o.f.core.internal.command.DbMigrate - Current version of schema `school9ssr`: 6
 2026-06-16 21:07:00 INFO  o.f.core.internal.command.DbMigrate - Schema `school9ssr` is up to date. No migration necessary.
 2026-06-16 21:07:00 INFO  org.hibernate.Version - HHH000412: Hibernate ORM core version 6.6.41.Final
 2026-06-16 21:07:00 INFO  o.h.c.i.RegionFactoryInitiator - HHH000026: Second-level cache disabled
 2026-06-16 21:07:01 INFO  o.s.o.j.p.SpringPersistenceUnitInfo - No LoadTimeWeaver setup: ignoring JPA class transformer
 2026-06-16 21:07:01 INFO  o.hibernate.orm.connections.pooling - HHH10001005: Database info:
	Database JDBC URL [Connecting through datasource 'HikariDataSource (HikariPool-1)']
	Database driver: undefined/unknown
	Database version: 8.0.45
	Autocommit mode: undefined/unknown
	Isolation level: undefined/unknown
	Minimum pool size: undefined/unknown
	Maximum pool size: undefined/unknown
 2026-06-16 21:07:03 INFO  o.h.e.t.j.p.i.JtaPlatformInitiator - HHH000489: No JTA platform available (set 'hibernate.transaction.jta.platform' to enable JTA platform integration)
 2026-06-16 21:07:03 INFO  o.s.o.j.LocalContainerEntityManagerFactoryBean - Initialized JPA EntityManagerFactory for persistence unit 'default'
 2026-06-16 21:07:04 INFO  o.s.b.a.w.s.WelcomePageHandlerMapping - Adding welcome page template: index
 2026-06-16 21:07:04 INFO  o.s.s.c.a.a.c.InitializeUserDetailsBeanManagerConfigurer$InitializeUserDetailsManagerConfigurer - Global AuthenticationManager configured with UserDetailsService bean with name customUserDetailsService
 2026-06-16 21:07:05 INFO  o.s.b.d.a.OptionalLiveReloadServer - LiveReload server is running on port 35729
 2026-06-16 21:07:05 INFO  o.s.b.w.e.tomcat.TomcatWebServer - Tomcat started on port 8080 (http) with context path '/'
 2026-06-16 21:07:05 INFO  g.a.c.schoolapp.SchoolappApplication - Started SchoolappApplication in 9.527 seconds (process running for 10.142)
 2026-06-16 21:07:17 INFO  o.s.web.servlet.DispatcherServlet - Initializing Servlet 'dispatcherServlet'
 2026-06-16 21:07:17 INFO  o.s.web.servlet.DispatcherServlet - Completed initialization in 2 ms
 2026-06-16 21:07:23 INFO  g.a.c.s.a.CustomAuthenticationSuccessHandler - User artemis@aueb.gr logged in successfully
 2026-06-16 21:07:24 ERROR org.thymeleaf.TemplateEngine - [THYMELEAF][http-nio-8080-exec-5] Exception processing template "teachers": An error happened during template parsing (template: "class path resource [templates/teachers.html]")
 org.thymeleaf.exceptions.TemplateInputException: An error happened during template parsing (template: "class path resource [templates/teachers.html]")
	at org.thymeleaf.templateparser.markup.AbstractMarkupTemplateParser.parse(AbstractMarkupTemplateParser.java:241)
Caused by: org.attoparser.ParseException: Could not parse as expression: "@{/logout" (template: "fragments/header" - line 15, col 13)
	at org.attoparser.MarkupParser.parseDocument(MarkupParser.java:393)
Caused by: org.thymeleaf.exceptions.TemplateProcessingException: Could not parse as expression: "@{/logout" (template: "fragments/header" - line 15, col 13)
	at org.thymeleaf.standard.expression.StandardExpressionParser.parseExpression(StandardExpressionParser.java:131)
2026-06-16 21:10:00 INFO  o.s.b.w.e.tomcat.GracefulShutdown - Commencing graceful shutdown. Waiting for active requests to complete
 2026-06-16 21:10:00 INFO  o.s.b.w.e.tomcat.GracefulShutdown - Graceful shutdown complete
 2026-06-16 21:10:00 INFO  o.s.o.j.LocalContainerEntityManagerFactoryBean - Closing JPA EntityManagerFactory for persistence unit 'default'
 2026-06-16 21:10:12 INFO  o.h.validator.internal.util.Version - HV000001: Hibernate Validator 8.0.3.Final
 2026-06-16 21:10:12 INFO  g.a.c.schoolapp.SchoolappApplication - Starting SchoolappApplication using Java 21.0.8 with PID 2842 (/Users/artemiskounalake/IdeaProjects/schoolapp/build/classes/java/main started by artemiskounalake in /Users/artemiskounalake/IdeaProjects/schoolapp)
 2026-06-16 21:10:12 INFO  g.a.c.schoolapp.SchoolappApplication - The following 1 profile is active: "dev"
 2026-06-16 21:10:12 INFO  o.s.b.d.e.DevToolsPropertyDefaultsPostProcessor - Devtools property defaults active! Set 'spring.devtools.add-properties' to 'false' to disable
 2026-06-16 21:10:12 INFO  o.s.b.d.e.DevToolsPropertyDefaultsPostProcessor - For additional web related logging consider setting the 'logging.level.web' property to 'DEBUG'
 2026-06-16 21:10:14 INFO  o.s.d.r.c.RepositoryConfigurationDelegate - Bootstrapping Spring Data JPA repositories in DEFAULT mode.
 2026-06-16 21:10:14 INFO  o.s.d.r.c.RepositoryConfigurationDelegate - Finished Spring Data repository scanning in 78 ms. Found 5 JPA repository interfaces.
 2026-06-16 21:10:15 INFO  o.s.b.w.e.tomcat.TomcatWebServer - Tomcat initialized with port 8080 (http)
 2026-06-16 21:10:15 INFO  o.s.b.w.s.c.ServletWebServerApplicationContext - Root WebApplicationContext: initialization completed in 3113 ms
 2026-06-16 21:10:16 INFO  org.flywaydb.core.FlywayExecutor - Database: jdbc:mysql://localhost:3306/school9ssr?useSSL=true&serverTimezone=UTC (MySQL 8.0)
 2026-06-16 21:10:17 INFO  o.f.core.internal.command.DbValidate - Successfully validated 6 migrations (execution time 00:00.112s)
 2026-06-16 21:10:17 INFO  o.f.core.internal.command.DbMigrate - Current version of schema `school9ssr`: 6
 2026-06-16 21:10:17 INFO  o.f.core.internal.command.DbMigrate - Schema `school9ssr` is up to date. No migration necessary.
 2026-06-16 21:10:17 INFO  org.hibernate.Version - HHH000412: Hibernate ORM core version 6.6.41.Final
 2026-06-16 21:10:17 INFO  o.h.c.i.RegionFactoryInitiator - HHH000026: Second-level cache disabled
 2026-06-16 21:10:18 INFO  o.s.o.j.p.SpringPersistenceUnitInfo - No LoadTimeWeaver setup: ignoring JPA class transformer
 2026-06-16 21:10:18 INFO  o.hibernate.orm.connections.pooling - HHH10001005: Database info:
	Database JDBC URL [Connecting through datasource 'HikariDataSource (HikariPool-1)']
	Database driver: undefined/unknown
	Database version: 8.0.45
	Autocommit mode: undefined/unknown
	Isolation level: undefined/unknown
	Minimum pool size: undefined/unknown
	Maximum pool size: undefined/unknown
 2026-06-16 21:10:20 INFO  o.h.e.t.j.p.i.JtaPlatformInitiator - HHH000489: No JTA platform available (set 'hibernate.transaction.jta.platform' to enable JTA platform integration)
 2026-06-16 21:10:20 INFO  o.s.o.j.LocalContainerEntityManagerFactoryBean - Initialized JPA EntityManagerFactory for persistence unit 'default'
 2026-06-16 21:10:21 INFO  o.s.b.a.w.s.WelcomePageHandlerMapping - Adding welcome page template: index
 2026-06-16 21:10:21 INFO  o.s.s.c.a.a.c.InitializeUserDetailsBeanManagerConfigurer$InitializeUserDetailsManagerConfigurer - Global AuthenticationManager configured with UserDetailsService bean with name customUserDetailsService
 2026-06-16 21:10:22 INFO  o.s.b.d.a.OptionalLiveReloadServer - LiveReload server is running on port 35729
 2026-06-16 21:10:22 INFO  o.s.b.w.e.tomcat.TomcatWebServer - Tomcat started on port 8080 (http) with context path '/'
 2026-06-16 21:10:22 INFO  g.a.c.schoolapp.SchoolappApplication - Started SchoolappApplication in 11.23 seconds (process running for 12.115)
 2026-06-16 21:10:31 INFO  o.s.web.servlet.DispatcherServlet - Initializing Servlet 'dispatcherServlet'
 2026-06-16 21:10:31 INFO  o.s.web.servlet.DispatcherServlet - Completed initialization in 3 ms
 2026-06-16 21:10:36 INFO  g.a.c.s.a.CustomAuthenticationSuccessHandler - User artemis@aueb.gr logged in successfully
 2026-06-16 21:12:10 INFO  g.a.cf.schoolapp.service.UserService - Save succeeded for user with username=test-empl@aueb.gr.
 2026-06-16 21:13:02 INFO  g.a.c.s.a.CustomAuthenticationSuccessHandler - User test-empl@aueb.gr logged in successfully
 2026-06-16 21:14:05 INFO  g.a.c.s.a.CustomAuthenticationSuccessHandler - User artemis@aueb.gr logged in successfully
 2026-06-16 21:14:32 INFO  g.a.c.s.a.CustomAuthenticationSuccessHandler - User artemis@aueb.gr logged in successfully
 2026-06-16 21:17:27 INFO  o.s.b.w.e.tomcat.GracefulShutdown - Commencing graceful shutdown. Waiting for active requests to complete
 2026-06-16 21:17:27 INFO  o.s.b.w.e.tomcat.GracefulShutdown - Graceful shutdown complete
 2026-06-16 21:17:27 INFO  o.s.o.j.LocalContainerEntityManagerFactoryBean - Closing JPA EntityManagerFactory for persistence unit 'default'
 