2026-03-04 19:14:52 INFO  o.h.validator.internal.util.Version - HV000001: Hibernate Validator 8.0.3.Final
 2026-03-04 19:14:52 INFO  g.a.c.schoolapp.SchoolappApplication - Starting SchoolappApplication using Java 21.0.8 with PID 3211 (/Users/artemiskounalake/IdeaProjects/schoolapp/build/classes/java/main started by artemiskounalake in /Users/artemiskounalake/IdeaProjects/schoolapp)
 2026-03-04 19:14:52 INFO  g.a.c.schoolapp.SchoolappApplication - The following 1 profile is active: "dev"
 2026-03-04 19:14:52 INFO  o.s.b.d.e.DevToolsPropertyDefaultsPostProcessor - Devtools property defaults active! Set 'spring.devtools.add-properties' to 'false' to disable
 2026-03-04 19:14:52 INFO  o.s.b.d.e.DevToolsPropertyDefaultsPostProcessor - For additional web related logging consider setting the 'logging.level.web' property to 'DEBUG'
 2026-03-04 19:14:53 INFO  o.s.d.r.c.RepositoryConfigurationDelegate - Bootstrapping Spring Data JPA repositories in DEFAULT mode.
 2026-03-04 19:14:53 INFO  o.s.d.r.c.RepositoryConfigurationDelegate - Finished Spring Data repository scanning in 60 ms. Found 2 JPA repository interfaces.
 2026-03-04 19:14:55 INFO  o.s.b.w.e.tomcat.TomcatWebServer - Tomcat initialized with port 8080 (http)
 2026-03-04 19:14:55 INFO  o.s.b.w.s.c.ServletWebServerApplicationContext - Root WebApplicationContext: initialization completed in 2464 ms
 2026-03-04 19:14:56 INFO  org.flywaydb.core.FlywayExecutor - Database: jdbc:mysql://localhost:3306/school9ssr?useSSL=true&serverTimezone=UTC (MySQL 8.0)
 2026-03-04 19:14:57 INFO  o.f.core.internal.command.DbValidate - Successfully validated 4 migrations (execution time 00:00.151s)
 2026-03-04 19:14:57 INFO  o.f.core.internal.command.DbMigrate - Current version of schema `school9ssr`: 2
 2026-03-04 19:14:57 INFO  o.f.core.internal.command.DbMigrate - Migrating schema `school9ssr` to version "3 - alter teachers add soft delete columns"
 2026-03-04 19:14:57 WARN  o.f.c.i.s.DefaultSqlScriptExecutor - DB: Integer display width is deprecated and will be removed in a future release. (SQL State: HY000 - Error Code: 1681)
 2026-03-04 19:14:57 INFO  o.f.core.internal.command.DbMigrate - Migrating schema `school9ssr` to version "4 - teachers soft delete indexes"
 2026-03-04 19:14:57 INFO  o.f.core.internal.command.DbMigrate - Successfully applied 2 migrations to schema `school9ssr`, now at version v4 (execution time 00:00.315s)
 2026-03-04 19:14:58 INFO  org.hibernate.Version - HHH000412: Hibernate ORM core version 6.6.41.Final
 2026-03-04 19:14:58 INFO  o.h.c.i.RegionFactoryInitiator - HHH000026: Second-level cache disabled
 2026-03-04 19:14:58 INFO  o.s.o.j.p.SpringPersistenceUnitInfo - No LoadTimeWeaver setup: ignoring JPA class transformer
 2026-03-04 19:14:59 INFO  o.hibernate.orm.connections.pooling - HHH10001005: Database info:
	Database JDBC URL [Connecting through datasource 'HikariDataSource (HikariPool-1)']
	Database driver: undefined/unknown
	Database version: 8.0.45
	Autocommit mode: undefined/unknown
	Isolation level: undefined/unknown
	Minimum pool size: undefined/unknown
	Maximum pool size: undefined/unknown
 2026-03-04 19:15:02 INFO  o.h.e.t.j.p.i.JtaPlatformInitiator - HHH000489: No JTA platform available (set 'hibernate.transaction.jta.platform' to enable JTA platform integration)
 2026-03-04 19:15:03 INFO  o.s.o.j.LocalContainerEntityManagerFactoryBean - Initialized JPA EntityManagerFactory for persistence unit 'default'
 2026-03-04 19:15:04 INFO  o.s.b.d.a.OptionalLiveReloadServer - LiveReload server is running on port 35729
 2026-03-04 19:15:04 INFO  o.s.b.w.e.tomcat.TomcatWebServer - Tomcat started on port 8080 (http) with context path '/'
 2026-03-04 19:15:04 INFO  g.a.c.schoolapp.SchoolappApplication - Started SchoolappApplication in 12.932 seconds (process running for 13.643)
 2026-03-04 19:43:39 INFO  o.s.web.servlet.DispatcherServlet - Initializing Servlet 'dispatcherServlet'
 2026-03-04 19:43:39 INFO  o.s.web.servlet.DispatcherServlet - Completed initialization in 51 ms
 2026-03-04 19:43:48 INFO  o.s.b.w.e.tomcat.GracefulShutdown - Commencing graceful shutdown. Waiting for active requests to complete
 2026-03-04 19:43:48 INFO  o.s.b.w.e.tomcat.GracefulShutdown - Graceful shutdown complete
 2026-03-04 19:43:48 INFO  o.s.o.j.LocalContainerEntityManagerFactoryBean - Closing JPA EntityManagerFactory for persistence unit 'default'
 2026-03-04 19:49:45 INFO  o.h.validator.internal.util.Version - HV000001: Hibernate Validator 8.0.3.Final
 2026-03-04 19:49:45 INFO  g.a.c.schoolapp.SchoolappApplication - Starting SchoolappApplication using Java 21.0.8 with PID 3913 (/Users/artemiskounalake/IdeaProjects/schoolapp/build/classes/java/main started by artemiskounalake in /Users/artemiskounalake/IdeaProjects/schoolapp)
 2026-03-04 19:49:45 INFO  g.a.c.schoolapp.SchoolappApplication - The following 1 profile is active: "dev"
 2026-03-04 19:49:45 INFO  o.s.b.d.e.DevToolsPropertyDefaultsPostProcessor - Devtools property defaults active! Set 'spring.devtools.add-properties' to 'false' to disable
 2026-03-04 19:49:45 INFO  o.s.b.d.e.DevToolsPropertyDefaultsPostProcessor - For additional web related logging consider setting the 'logging.level.web' property to 'DEBUG'
 2026-03-04 19:49:46 INFO  o.s.d.r.c.RepositoryConfigurationDelegate - Bootstrapping Spring Data JPA repositories in DEFAULT mode.
 2026-03-04 19:49:46 INFO  o.s.d.r.c.RepositoryConfigurationDelegate - Finished Spring Data repository scanning in 59 ms. Found 2 JPA repository interfaces.
 2026-03-04 19:49:47 INFO  o.s.b.w.e.tomcat.TomcatWebServer - Tomcat initialized with port 8080 (http)
 2026-03-04 19:49:47 INFO  o.s.b.w.s.c.ServletWebServerApplicationContext - Root WebApplicationContext: initialization completed in 2030 ms
 2026-03-04 19:49:48 INFO  org.flywaydb.core.FlywayExecutor - Database: jdbc:mysql://localhost:3306/school9ssr?useSSL=true&serverTimezone=UTC (MySQL 8.0)
 2026-03-04 19:49:49 INFO  o.f.core.internal.command.DbValidate - Successfully validated 4 migrations (execution time 00:00.090s)
 2026-03-04 19:49:49 INFO  o.f.core.internal.command.DbMigrate - Current version of schema `school9ssr`: 4
 2026-03-04 19:49:49 INFO  o.f.core.internal.command.DbMigrate - Schema `school9ssr` is up to date. No migration necessary.
 2026-03-04 19:49:49 INFO  org.hibernate.Version - HHH000412: Hibernate ORM core version 6.6.41.Final
 2026-03-04 19:49:49 INFO  o.h.c.i.RegionFactoryInitiator - HHH000026: Second-level cache disabled
 2026-03-04 19:49:49 INFO  o.s.o.j.p.SpringPersistenceUnitInfo - No LoadTimeWeaver setup: ignoring JPA class transformer
 2026-03-04 19:49:50 INFO  o.hibernate.orm.connections.pooling - HHH10001005: Database info:
	Database JDBC URL [Connecting through datasource 'HikariDataSource (HikariPool-1)']
	Database driver: undefined/unknown
	Database version: 8.0.45
	Autocommit mode: undefined/unknown
	Isolation level: undefined/unknown
	Minimum pool size: undefined/unknown
	Maximum pool size: undefined/unknown
 2026-03-04 19:49:51 INFO  o.h.e.t.j.p.i.JtaPlatformInitiator - HHH000489: No JTA platform available (set 'hibernate.transaction.jta.platform' to enable JTA platform integration)
 2026-03-04 19:49:51 INFO  o.s.o.j.LocalContainerEntityManagerFactoryBean - Initialized JPA EntityManagerFactory for persistence unit 'default'
 2026-03-04 19:49:52 INFO  o.s.b.d.a.OptionalLiveReloadServer - LiveReload server is running on port 35729
 2026-03-04 19:49:52 INFO  o.s.b.w.e.tomcat.TomcatWebServer - Tomcat started on port 8080 (http) with context path '/'
 2026-03-04 19:49:52 INFO  g.a.c.schoolapp.SchoolappApplication - Started SchoolappApplication in 7.934 seconds (process running for 8.683)
 2026-03-04 19:50:09 INFO  o.s.web.servlet.DispatcherServlet - Initializing Servlet 'dispatcherServlet'
 2026-03-04 19:50:09 INFO  o.s.web.servlet.DispatcherServlet - Completed initialization in 2 ms
 2026-03-04 19:51:45 INFO  o.s.b.w.e.tomcat.GracefulShutdown - Commencing graceful shutdown. Waiting for active requests to complete
 2026-03-04 19:51:45 INFO  o.s.b.w.e.tomcat.GracefulShutdown - Graceful shutdown complete
 2026-03-04 19:51:45 INFO  o.s.o.j.LocalContainerEntityManagerFactoryBean - Closing JPA EntityManagerFactory for persistence unit 'default'
 2026-03-04 19:51:54 INFO  o.h.validator.internal.util.Version - HV000001: Hibernate Validator 8.0.3.Final
 2026-03-04 19:51:54 INFO  g.a.c.schoolapp.SchoolappApplication - Starting SchoolappApplication using Java 21.0.8 with PID 3983 (/Users/artemiskounalake/IdeaProjects/schoolapp/build/classes/java/main started by artemiskounalake in /Users/artemiskounalake/IdeaProjects/schoolapp)
 2026-03-04 19:51:54 INFO  g.a.c.schoolapp.SchoolappApplication - The following 1 profile is active: "dev"
 2026-03-04 19:51:54 INFO  o.s.b.d.e.DevToolsPropertyDefaultsPostProcessor - Devtools property defaults active! Set 'spring.devtools.add-properties' to 'false' to disable
 2026-03-04 19:51:54 INFO  o.s.b.d.e.DevToolsPropertyDefaultsPostProcessor - For additional web related logging consider setting the 'logging.level.web' property to 'DEBUG'
 2026-03-04 19:51:55 INFO  o.s.d.r.c.RepositoryConfigurationDelegate - Bootstrapping Spring Data JPA repositories in DEFAULT mode.
 2026-03-04 19:51:55 INFO  o.s.d.r.c.RepositoryConfigurationDelegate - Finished Spring Data repository scanning in 57 ms. Found 2 JPA repository interfaces.
 2026-03-04 19:51:56 INFO  o.s.b.w.e.tomcat.TomcatWebServer - Tomcat initialized with port 8080 (http)
 2026-03-04 19:51:56 INFO  o.s.b.w.s.c.ServletWebServerApplicationContext - Root WebApplicationContext: initialization completed in 1971 ms
 2026-03-04 19:51:57 INFO  org.flywaydb.core.FlywayExecutor - Database: jdbc:mysql://localhost:3306/school9ssr?useSSL=true&serverTimezone=UTC (MySQL 8.0)
 2026-03-04 19:51:57 INFO  o.f.core.internal.command.DbValidate - Successfully validated 4 migrations (execution time 00:00.097s)
 2026-03-04 19:51:57 INFO  o.f.core.internal.command.DbMigrate - Current version of schema `school9ssr`: 4
 2026-03-04 19:51:57 INFO  o.f.core.internal.command.DbMigrate - Schema `school9ssr` is up to date. No migration necessary.
 2026-03-04 19:51:57 INFO  org.hibernate.Version - HHH000412: Hibernate ORM core version 6.6.41.Final
 2026-03-04 19:51:57 INFO  o.h.c.i.RegionFactoryInitiator - HHH000026: Second-level cache disabled
 2026-03-04 19:51:58 INFO  o.s.o.j.p.SpringPersistenceUnitInfo - No LoadTimeWeaver setup: ignoring JPA class transformer
 2026-03-04 19:51:58 INFO  o.hibernate.orm.connections.pooling - HHH10001005: Database info:
	Database JDBC URL [Connecting through datasource 'HikariDataSource (HikariPool-1)']
	Database driver: undefined/unknown
	Database version: 8.0.45
	Autocommit mode: undefined/unknown
	Isolation level: undefined/unknown
	Minimum pool size: undefined/unknown
	Maximum pool size: undefined/unknown
 2026-03-04 19:51:59 INFO  o.h.e.t.j.p.i.JtaPlatformInitiator - HHH000489: No JTA platform available (set 'hibernate.transaction.jta.platform' to enable JTA platform integration)
 2026-03-04 19:51:59 INFO  o.s.o.j.LocalContainerEntityManagerFactoryBean - Initialized JPA EntityManagerFactory for persistence unit 'default'
 2026-03-04 19:52:00 INFO  o.s.b.d.a.OptionalLiveReloadServer - LiveReload server is running on port 35729
 2026-03-04 19:52:01 INFO  o.s.b.w.e.tomcat.TomcatWebServer - Tomcat started on port 8080 (http) with context path '/'
 2026-03-04 19:52:01 INFO  g.a.c.schoolapp.SchoolappApplication - Started SchoolappApplication in 7.518 seconds (process running for 8.046)
 2026-03-04 19:52:11 INFO  o.s.web.servlet.DispatcherServlet - Initializing Servlet 'dispatcherServlet'
 2026-03-04 19:52:11 INFO  o.s.web.servlet.DispatcherServlet - Completed initialization in 2 ms
 2026-03-04 19:52:52 INFO  g.a.c.s.service.TeacherService - Teacher with uuid=83d5b333-cea3-4512-9a0c-132ed7b8ba05 deleted successfully
 2026-03-04 20:18:49 INFO  o.s.b.w.e.tomcat.GracefulShutdown - Commencing graceful shutdown. Waiting for active requests to complete
 2026-03-04 20:18:49 INFO  o.s.b.w.e.tomcat.GracefulShutdown - Graceful shutdown complete
 2026-03-04 20:18:49 INFO  o.s.o.j.LocalContainerEntityManagerFactoryBean - Closing JPA EntityManagerFactory for persistence unit 'default'
 2026-03-04 20:18:56 INFO  o.h.validator.internal.util.Version - HV000001: Hibernate Validator 8.0.3.Final
 2026-03-04 20:18:56 INFO  g.a.c.schoolapp.SchoolappApplication - Starting SchoolappApplication using Java 21.0.8 with PID 4476 (/Users/artemiskounalake/IdeaProjects/schoolapp/build/classes/java/main started by artemiskounalake in /Users/artemiskounalake/IdeaProjects/schoolapp)
 2026-03-04 20:18:56 INFO  g.a.c.schoolapp.SchoolappApplication - The following 1 profile is active: "dev"
 2026-03-04 20:18:56 INFO  o.s.b.d.e.DevToolsPropertyDefaultsPostProcessor - Devtools property defaults active! Set 'spring.devtools.add-properties' to 'false' to disable
 2026-03-04 20:18:56 INFO  o.s.b.d.e.DevToolsPropertyDefaultsPostProcessor - For additional web related logging consider setting the 'logging.level.web' property to 'DEBUG'
 2026-03-04 20:18:56 INFO  o.s.d.r.c.RepositoryConfigurationDelegate - Bootstrapping Spring Data JPA repositories in DEFAULT mode.
 2026-03-04 20:18:57 INFO  o.s.d.r.c.RepositoryConfigurationDelegate - Finished Spring Data repository scanning in 55 ms. Found 2 JPA repository interfaces.
 2026-03-04 20:18:57 INFO  o.s.b.w.e.tomcat.TomcatWebServer - Tomcat initialized with port 8080 (http)
 2026-03-04 20:18:57 INFO  o.s.b.w.s.c.ServletWebServerApplicationContext - Root WebApplicationContext: initialization completed in 1821 ms
 2026-03-04 20:18:58 INFO  org.flywaydb.core.FlywayExecutor - Database: jdbc:mysql://localhost:3306/school9ssr?useSSL=true&serverTimezone=UTC (MySQL 8.0)
 2026-03-04 20:18:59 INFO  o.f.core.internal.command.DbValidate - Successfully validated 4 migrations (execution time 00:00.039s)
 2026-03-04 20:18:59 INFO  o.f.core.internal.command.DbMigrate - Current version of schema `school9ssr`: 4
 2026-03-04 20:18:59 INFO  o.f.core.internal.command.DbMigrate - Schema `school9ssr` is up to date. No migration necessary.
 2026-03-04 20:18:59 INFO  org.hibernate.Version - HHH000412: Hibernate ORM core version 6.6.41.Final
 2026-03-04 20:18:59 INFO  o.h.c.i.RegionFactoryInitiator - HHH000026: Second-level cache disabled
 2026-03-04 20:19:00 INFO  o.s.o.j.p.SpringPersistenceUnitInfo - No LoadTimeWeaver setup: ignoring JPA class transformer
 2026-03-04 20:19:00 INFO  o.hibernate.orm.connections.pooling - HHH10001005: Database info:
	Database JDBC URL [Connecting through datasource 'HikariDataSource (HikariPool-1)']
	Database driver: undefined/unknown
	Database version: 8.0.45
	Autocommit mode: undefined/unknown
	Isolation level: undefined/unknown
	Minimum pool size: undefined/unknown
	Maximum pool size: undefined/unknown
 2026-03-04 20:19:01 INFO  o.h.e.t.j.p.i.JtaPlatformInitiator - HHH000489: No JTA platform available (set 'hibernate.transaction.jta.platform' to enable JTA platform integration)
 2026-03-04 20:19:01 INFO  o.s.o.j.LocalContainerEntityManagerFactoryBean - Initialized JPA EntityManagerFactory for persistence unit 'default'
 2026-03-04 20:19:03 INFO  o.s.b.d.a.OptionalLiveReloadServer - LiveReload server is running on port 35729
 2026-03-04 20:19:03 INFO  o.s.b.w.e.tomcat.TomcatWebServer - Tomcat started on port 8080 (http) with context path '/'
 2026-03-04 20:19:03 INFO  g.a.c.schoolapp.SchoolappApplication - Started SchoolappApplication in 7.881 seconds (process running for 8.349)
 2026-03-04 20:19:08 INFO  o.s.web.servlet.DispatcherServlet - Initializing Servlet 'dispatcherServlet'
 2026-03-04 20:19:08 INFO  o.s.web.servlet.DispatcherServlet - Completed initialization in 4 ms
 2026-03-04 20:21:59 INFO  o.s.b.w.e.tomcat.GracefulShutdown - Commencing graceful shutdown. Waiting for active requests to complete
 2026-03-04 20:21:59 INFO  o.s.b.w.e.tomcat.GracefulShutdown - Graceful shutdown complete
 2026-03-04 20:21:59 INFO  o.s.o.j.LocalContainerEntityManagerFactoryBean - Closing JPA EntityManagerFactory for persistence unit 'default'
 2026-03-04 20:22:06 INFO  o.h.validator.internal.util.Version - HV000001: Hibernate Validator 8.0.3.Final
 2026-03-04 20:22:06 INFO  g.a.c.schoolapp.SchoolappApplication - Starting SchoolappApplication using Java 21.0.8 with PID 4569 (/Users/artemiskounalake/IdeaProjects/schoolapp/build/classes/java/main started by artemiskounalake in /Users/artemiskounalake/IdeaProjects/schoolapp)
 2026-03-04 20:22:06 INFO  g.a.c.schoolapp.SchoolappApplication - The following 1 profile is active: "dev"
 2026-03-04 20:22:06 INFO  o.s.b.d.e.DevToolsPropertyDefaultsPostProcessor - Devtools property defaults active! Set 'spring.devtools.add-properties' to 'false' to disable
 2026-03-04 20:22:06 INFO  o.s.b.d.e.DevToolsPropertyDefaultsPostProcessor - For additional web related logging consider setting the 'logging.level.web' property to 'DEBUG'
 2026-03-04 20:22:07 INFO  o.s.d.r.c.RepositoryConfigurationDelegate - Bootstrapping Spring Data JPA repositories in DEFAULT mode.
 2026-03-04 20:22:07 INFO  o.s.d.r.c.RepositoryConfigurationDelegate - Finished Spring Data repository scanning in 55 ms. Found 2 JPA repository interfaces.
 2026-03-04 20:22:07 INFO  o.s.b.w.e.tomcat.TomcatWebServer - Tomcat initialized with port 8080 (http)
 2026-03-04 20:22:08 INFO  o.s.b.w.s.c.ServletWebServerApplicationContext - Root WebApplicationContext: initialization completed in 1824 ms
 2026-03-04 20:22:08 INFO  org.flywaydb.core.FlywayExecutor - Database: jdbc:mysql://localhost:3306/school9ssr?useSSL=true&serverTimezone=UTC (MySQL 8.0)
 2026-03-04 20:22:09 INFO  o.f.core.internal.command.DbValidate - Successfully validated 4 migrations (execution time 00:00.043s)
 2026-03-04 20:22:09 INFO  o.f.core.internal.command.DbMigrate - Current version of schema `school9ssr`: 4
 2026-03-04 20:22:09 INFO  o.f.core.internal.command.DbMigrate - Schema `school9ssr` is up to date. No migration necessary.
 2026-03-04 20:22:09 INFO  org.hibernate.Version - HHH000412: Hibernate ORM core version 6.6.41.Final
 2026-03-04 20:22:09 INFO  o.h.c.i.RegionFactoryInitiator - HHH000026: Second-level cache disabled
 2026-03-04 20:22:10 INFO  o.s.o.j.p.SpringPersistenceUnitInfo - No LoadTimeWeaver setup: ignoring JPA class transformer
 2026-03-04 20:22:10 INFO  o.hibernate.orm.connections.pooling - HHH10001005: Database info:
	Database JDBC URL [Connecting through datasource 'HikariDataSource (HikariPool-1)']
	Database driver: undefined/unknown
	Database version: 8.0.45
	Autocommit mode: undefined/unknown
	Isolation level: undefined/unknown
	Minimum pool size: undefined/unknown
	Maximum pool size: undefined/unknown
 2026-03-04 20:22:11 INFO  o.h.e.t.j.p.i.JtaPlatformInitiator - HHH000489: No JTA platform available (set 'hibernate.transaction.jta.platform' to enable JTA platform integration)
 2026-03-04 20:22:12 INFO  o.s.o.j.LocalContainerEntityManagerFactoryBean - Initialized JPA EntityManagerFactory for persistence unit 'default'
 2026-03-04 20:22:13 INFO  o.s.b.d.a.OptionalLiveReloadServer - LiveReload server is running on port 35729
 2026-03-04 20:22:13 INFO  o.s.b.w.e.tomcat.TomcatWebServer - Tomcat started on port 8080 (http) with context path '/'
 2026-03-04 20:22:13 INFO  g.a.c.schoolapp.SchoolappApplication - Started SchoolappApplication in 7.844 seconds (process running for 8.305)
 2026-03-04 20:22:22 INFO  o.s.web.servlet.DispatcherServlet - Initializing Servlet 'dispatcherServlet'
 2026-03-04 20:22:22 INFO  o.s.web.servlet.DispatcherServlet - Completed initialization in 2 ms
 2026-03-04 20:23:43 INFO  o.s.b.w.e.tomcat.GracefulShutdown - Commencing graceful shutdown. Waiting for active requests to complete
 2026-03-04 20:23:43 INFO  o.s.b.w.e.tomcat.GracefulShutdown - Graceful shutdown complete
 2026-03-04 20:23:43 INFO  o.s.o.j.LocalContainerEntityManagerFactoryBean - Closing JPA EntityManagerFactory for persistence unit 'default'
 2026-03-04 20:23:49 INFO  o.h.validator.internal.util.Version - HV000001: Hibernate Validator 8.0.3.Final
 2026-03-04 20:23:49 INFO  g.a.c.schoolapp.SchoolappApplication - Starting SchoolappApplication using Java 21.0.8 with PID 4647 (/Users/artemiskounalake/IdeaProjects/schoolapp/build/classes/java/main started by artemiskounalake in /Users/artemiskounalake/IdeaProjects/schoolapp)
 2026-03-04 20:23:49 INFO  g.a.c.schoolapp.SchoolappApplication - The following 1 profile is active: "dev"
 2026-03-04 20:23:49 INFO  o.s.b.d.e.DevToolsPropertyDefaultsPostProcessor - Devtools property defaults active! Set 'spring.devtools.add-properties' to 'false' to disable
 2026-03-04 20:23:49 INFO  o.s.b.d.e.DevToolsPropertyDefaultsPostProcessor - For additional web related logging consider setting the 'logging.level.web' property to 'DEBUG'
 2026-03-04 20:23:50 INFO  o.s.d.r.c.RepositoryConfigurationDelegate - Bootstrapping Spring Data JPA repositories in DEFAULT mode.
 2026-03-04 20:23:50 INFO  o.s.d.r.c.RepositoryConfigurationDelegate - Finished Spring Data repository scanning in 54 ms. Found 2 JPA repository interfaces.
 2026-03-04 20:23:51 INFO  o.s.b.w.e.tomcat.TomcatWebServer - Tomcat initialized with port 8080 (http)
 2026-03-04 20:23:51 INFO  o.s.b.w.s.c.ServletWebServerApplicationContext - Root WebApplicationContext: initialization completed in 1848 ms
 2026-03-04 20:23:52 INFO  org.flywaydb.core.FlywayExecutor - Database: jdbc:mysql://localhost:3306/school9ssr?useSSL=true&serverTimezone=UTC (MySQL 8.0)
 2026-03-04 20:23:52 INFO  o.f.core.internal.command.DbValidate - Successfully validated 4 migrations (execution time 00:00.098s)
 2026-03-04 20:23:52 INFO  o.f.core.internal.command.DbMigrate - Current version of schema `school9ssr`: 4
 2026-03-04 20:23:52 INFO  o.f.core.internal.command.DbMigrate - Schema `school9ssr` is up to date. No migration necessary.
 2026-03-04 20:23:52 INFO  org.hibernate.Version - HHH000412: Hibernate ORM core version 6.6.41.Final
 2026-03-04 20:23:52 INFO  o.h.c.i.RegionFactoryInitiator - HHH000026: Second-level cache disabled
 2026-03-04 20:23:53 INFO  o.s.o.j.p.SpringPersistenceUnitInfo - No LoadTimeWeaver setup: ignoring JPA class transformer
 2026-03-04 20:23:53 INFO  o.hibernate.orm.connections.pooling - HHH10001005: Database info:
	Database JDBC URL [Connecting through datasource 'HikariDataSource (HikariPool-1)']
	Database driver: undefined/unknown
	Database version: 8.0.45
	Autocommit mode: undefined/unknown
	Isolation level: undefined/unknown
	Minimum pool size: undefined/unknown
	Maximum pool size: undefined/unknown
 2026-03-04 20:23:55 INFO  o.h.e.t.j.p.i.JtaPlatformInitiator - HHH000489: No JTA platform available (set 'hibernate.transaction.jta.platform' to enable JTA platform integration)
 2026-03-04 20:23:55 INFO  o.s.o.j.LocalContainerEntityManagerFactoryBean - Initialized JPA EntityManagerFactory for persistence unit 'default'
 2026-03-04 20:23:56 INFO  o.s.b.d.a.OptionalLiveReloadServer - LiveReload server is running on port 35729
 2026-03-04 20:23:56 INFO  o.s.b.w.e.tomcat.TomcatWebServer - Tomcat started on port 8080 (http) with context path '/'
 2026-03-04 20:23:56 INFO  g.a.c.schoolapp.SchoolappApplication - Started SchoolappApplication in 8.158 seconds (process running for 8.771)
 2026-03-04 20:24:01 INFO  o.s.web.servlet.DispatcherServlet - Initializing Servlet 'dispatcherServlet'
 2026-03-04 20:24:01 INFO  o.s.web.servlet.DispatcherServlet - Completed initialization in 1 ms
 2026-03-04 20:24:21 INFO  g.a.c.s.service.TeacherService - Teacher with vat=238888884 saved successfully
 2026-03-04 20:58:04 INFO  o.s.b.w.e.tomcat.GracefulShutdown - Commencing graceful shutdown. Waiting for active requests to complete
 2026-03-04 20:58:04 INFO  o.s.b.w.e.tomcat.GracefulShutdown - Graceful shutdown complete
 2026-03-04 20:58:04 INFO  o.s.o.j.LocalContainerEntityManagerFactoryBean - Closing JPA EntityManagerFactory for persistence unit 'default'
 