2026-06-16 19:30:17 - select r1_0.id,r1_0.name from roles r1_0 order by r1_0.name
2026-06-16 19:30:17 - select c1_0.role_id,c1_1.id,c1_1.description,c1_1.name from roles_capabilities c1_0 join capabilities c1_1 on c1_1.id=c1_0.capability_id where c1_0.role_id=?
2026-06-16 19:30:17 - select c1_0.role_id,c1_1.id,c1_1.description,c1_1.name from roles_capabilities c1_0 join capabilities c1_1 on c1_1.id=c1_0.capability_id where c1_0.role_id=?
2026-06-16 19:30:38 - select r1_0.id,r1_0.name from roles r1_0 order by r1_0.name
2026-06-16 19:30:38 - select c1_0.role_id,c1_1.id,c1_1.description,c1_1.name from roles_capabilities c1_0 join capabilities c1_1 on c1_1.id=c1_0.capability_id where c1_0.role_id=?
2026-06-16 19:30:38 - select c1_0.role_id,c1_1.id,c1_1.description,c1_1.name from roles_capabilities c1_0 join capabilities c1_1 on c1_1.id=c1_0.capability_id where c1_0.role_id=?
2026-06-16 19:30:38 - select u1_0.id,u1_0.created_at,u1_0.deleted,u1_0.deleted_at,u1_0.password,u1_0.role_id,r1_0.id,r1_0.name,u1_0.updated_at,u1_0.username,u1_0.uuid from users u1_0 join roles r1_0 on r1_0.id=u1_0.role_id where u1_0.username=?
2026-06-16 19:30:39 - select r1_0.id,c1_0.role_id,c1_1.id,c1_1.description,c1_1.name,r1_0.name from roles r1_0 left join roles_capabilities c1_0 on r1_0.id=c1_0.role_id left join capabilities c1_1 on c1_1.id=c1_0.capability_id where r1_0.id=?
2026-06-16 19:30:39 - select u1_0.role_id,u1_0.id,u1_0.created_at,u1_0.deleted,u1_0.deleted_at,u1_0.password,u1_0.updated_at,u1_0.username,u1_0.uuid from users u1_0 where u1_0.role_id=?
2026-06-16 19:30:39 - insert into users (created_at,deleted,deleted_at,password,role_id,updated_at,username,uuid) values (?,?,?,?,?,?,?,?)
2026-06-16 19:32:16 - select r1_0.id,r1_0.name from roles r1_0 order by r1_0.name
2026-06-16 19:32:16 - select c1_0.role_id,c1_1.id,c1_1.description,c1_1.name from roles_capabilities c1_0 join capabilities c1_1 on c1_1.id=c1_0.capability_id where c1_0.role_id=?
2026-06-16 19:32:16 - select c1_0.role_id,c1_1.id,c1_1.description,c1_1.name from roles_capabilities c1_0 join capabilities c1_1 on c1_1.id=c1_0.capability_id where c1_0.role_id=?
2026-06-16 19:32:36 - select r1_0.id,r1_0.name from roles r1_0 order by r1_0.name
2026-06-16 19:32:36 - select c1_0.role_id,c1_1.id,c1_1.description,c1_1.name from roles_capabilities c1_0 join capabilities c1_1 on c1_1.id=c1_0.capability_id where c1_0.role_id=?
2026-06-16 19:32:36 - select c1_0.role_id,c1_1.id,c1_1.description,c1_1.name from roles_capabilities c1_0 join capabilities c1_1 on c1_1.id=c1_0.capability_id where c1_0.role_id=?
2026-06-16 19:32:36 - select u1_0.id,u1_0.created_at,u1_0.deleted,u1_0.deleted_at,u1_0.password,u1_0.role_id,r1_0.id,r1_0.name,u1_0.updated_at,u1_0.username,u1_0.uuid from users u1_0 join roles r1_0 on r1_0.id=u1_0.role_id where u1_0.username=?
2026-06-16 19:32:37 - select r1_0.id,c1_0.role_id,c1_1.id,c1_1.description,c1_1.name,r1_0.name from roles r1_0 left join roles_capabilities c1_0 on r1_0.id=c1_0.role_id left join capabilities c1_1 on c1_1.id=c1_0.capability_id where r1_0.id=?
2026-06-16 19:32:37 - select u1_0.role_id,u1_0.id,u1_0.created_at,u1_0.deleted,u1_0.deleted_at,u1_0.password,u1_0.updated_at,u1_0.username,u1_0.uuid from users u1_0 where u1_0.role_id=?
2026-06-16 19:32:37 - insert into users (created_at,deleted,deleted_at,password,role_id,updated_at,username,uuid) values (?,?,?,?,?,?,?,?)
2026-06-16 19:41:21 - select r1_0.id,r1_0.name from roles r1_0 order by r1_0.name
2026-06-16 19:41:21 - select c1_0.role_id,c1_1.id,c1_1.description,c1_1.name from roles_capabilities c1_0 join capabilities c1_1 on c1_1.id=c1_0.capability_id where c1_0.role_id=?
2026-06-16 19:41:21 - select c1_0.role_id,c1_1.id,c1_1.description,c1_1.name from roles_capabilities c1_0 join capabilities c1_1 on c1_1.id=c1_0.capability_id where c1_0.role_id=?
2026-06-16 19:41:38 - select r1_0.id,r1_0.name from roles r1_0 order by r1_0.name
2026-06-16 19:41:38 - select c1_0.role_id,c1_1.id,c1_1.description,c1_1.name from roles_capabilities c1_0 join capabilities c1_1 on c1_1.id=c1_0.capability_id where c1_0.role_id=?
2026-06-16 19:41:38 - select c1_0.role_id,c1_1.id,c1_1.description,c1_1.name from roles_capabilities c1_0 join capabilities c1_1 on c1_1.id=c1_0.capability_id where c1_0.role_id=?
2026-06-16 19:41:38 - select u1_0.id,u1_0.created_at,u1_0.deleted,u1_0.deleted_at,u1_0.password,u1_0.role_id,r1_0.id,r1_0.name,u1_0.updated_at,u1_0.username,u1_0.uuid from users u1_0 join roles r1_0 on r1_0.id=u1_0.role_id where u1_0.username=?
2026-06-16 19:41:39 - select r1_0.id,c1_0.role_id,c1_1.id,c1_1.description,c1_1.name,r1_0.name from roles r1_0 left join roles_capabilities c1_0 on r1_0.id=c1_0.role_id left join capabilities c1_1 on c1_1.id=c1_0.capability_id where r1_0.id=?
2026-06-16 19:41:39 - select u1_0.role_id,u1_0.id,u1_0.created_at,u1_0.deleted,u1_0.deleted_at,u1_0.password,u1_0.updated_at,u1_0.username,u1_0.uuid from users u1_0 where u1_0.role_id=?
2026-06-16 19:41:39 - insert into users (created_at,deleted,deleted_at,password,role_id,updated_at,username,uuid) values (?,?,?,?,?,?,?,?)
2026-06-16 19:47:22 - select r1_0.id,r1_0.name from roles r1_0 order by r1_0.name
2026-06-16 19:47:22 - select c1_0.role_id,c1_1.id,c1_1.description,c1_1.name from roles_capabilities c1_0 join capabilities c1_1 on c1_1.id=c1_0.capability_id where c1_0.role_id=?
2026-06-16 19:47:22 - select c1_0.role_id,c1_1.id,c1_1.description,c1_1.name from roles_capabilities c1_0 join capabilities c1_1 on c1_1.id=c1_0.capability_id where c1_0.role_id=?
2026-06-16 19:47:37 - select r1_0.id,r1_0.name from roles r1_0 order by r1_0.name
2026-06-16 19:47:37 - select c1_0.role_id,c1_1.id,c1_1.description,c1_1.name from roles_capabilities c1_0 join capabilities c1_1 on c1_1.id=c1_0.capability_id where c1_0.role_id=?
2026-06-16 19:47:37 - select c1_0.role_id,c1_1.id,c1_1.description,c1_1.name from roles_capabilities c1_0 join capabilities c1_1 on c1_1.id=c1_0.capability_id where c1_0.role_id=?
2026-06-16 19:47:37 - select u1_0.id,u1_0.created_at,u1_0.deleted,u1_0.deleted_at,u1_0.password,u1_0.role_id,r1_0.id,r1_0.name,u1_0.updated_at,u1_0.username,u1_0.uuid from users u1_0 join roles r1_0 on r1_0.id=u1_0.role_id where u1_0.username=?
2026-06-16 19:47:38 - select r1_0.id,c1_0.role_id,c1_1.id,c1_1.description,c1_1.name,r1_0.name from roles r1_0 left join roles_capabilities c1_0 on r1_0.id=c1_0.role_id left join capabilities c1_1 on c1_1.id=c1_0.capability_id where r1_0.id=?
2026-06-16 19:47:38 - select u1_0.role_id,u1_0.id,u1_0.created_at,u1_0.deleted,u1_0.deleted_at,u1_0.password,u1_0.updated_at,u1_0.username,u1_0.uuid from users u1_0 where u1_0.role_id=?
2026-06-16 19:47:38 - insert into users (created_at,deleted,deleted_at,password,role_id,updated_at,username,uuid) values (?,?,?,?,?,?,?,?)
2026-06-16 19:47:38 - select r1_0.id,r1_0.name from roles r1_0 order by r1_0.name
2026-06-16 19:47:38 - select c1_0.role_id,c1_1.id,c1_1.description,c1_1.name from roles_capabilities c1_0 join capabilities c1_1 on c1_1.id=c1_0.capability_id where c1_0.role_id=?
2026-06-16 19:47:38 - select c1_0.role_id,c1_1.id,c1_1.description,c1_1.name from roles_capabilities c1_0 join capabilities c1_1 on c1_1.id=c1_0.capability_id where c1_0.role_id=?
2026-06-16 19:47:56 - select r1_0.id,r1_0.name from roles r1_0 order by r1_0.name
2026-06-16 19:47:56 - select c1_0.role_id,c1_1.id,c1_1.description,c1_1.name from roles_capabilities c1_0 join capabilities c1_1 on c1_1.id=c1_0.capability_id where c1_0.role_id=?
2026-06-16 19:47:56 - select c1_0.role_id,c1_1.id,c1_1.description,c1_1.name from roles_capabilities c1_0 join capabilities c1_1 on c1_1.id=c1_0.capability_id where c1_0.role_id=?
2026-06-16 19:48:19 - select r1_0.id,r1_0.name from roles r1_0 order by r1_0.name
2026-06-16 19:48:19 - select c1_0.role_id,c1_1.id,c1_1.description,c1_1.name from roles_capabilities c1_0 join capabilities c1_1 on c1_1.id=c1_0.capability_id where c1_0.role_id=?
2026-06-16 19:48:19 - select c1_0.role_id,c1_1.id,c1_1.description,c1_1.name from roles_capabilities c1_0 join capabilities c1_1 on c1_1.id=c1_0.capability_id where c1_0.role_id=?
2026-06-16 19:48:19 - select u1_0.id,u1_0.created_at,u1_0.deleted,u1_0.deleted_at,u1_0.password,u1_0.role_id,r1_0.id,r1_0.name,u1_0.updated_at,u1_0.username,u1_0.uuid from users u1_0 join roles r1_0 on r1_0.id=u1_0.role_id where u1_0.username=?
2026-06-16 19:48:20 - select r1_0.id,c1_0.role_id,c1_1.id,c1_1.description,c1_1.name,r1_0.name from roles r1_0 left join roles_capabilities c1_0 on r1_0.id=c1_0.role_id left join capabilities c1_1 on c1_1.id=c1_0.capability_id where r1_0.id=?
2026-06-16 19:48:20 - select u1_0.role_id,u1_0.id,u1_0.created_at,u1_0.deleted,u1_0.deleted_at,u1_0.password,u1_0.updated_at,u1_0.username,u1_0.uuid from users u1_0 where u1_0.role_id=?
2026-06-16 19:48:20 - insert into users (created_at,deleted,deleted_at,password,role_id,updated_at,username,uuid) values (?,?,?,?,?,?,?,?)
2026-06-16 19:48:20 - select r1_0.id,r1_0.name from roles r1_0 order by r1_0.name
2026-06-16 19:48:20 - select c1_0.role_id,c1_1.id,c1_1.description,c1_1.name from roles_capabilities c1_0 join capabilities c1_1 on c1_1.id=c1_0.capability_id where c1_0.role_id=?
2026-06-16 19:48:20 - select c1_0.role_id,c1_1.id,c1_1.description,c1_1.name from roles_capabilities c1_0 join capabilities c1_1 on c1_1.id=c1_0.capability_id where c1_0.role_id=?
2026-06-16 19:48:50 - select r1_0.id,r1_0.name from roles r1_0 order by r1_0.name
2026-06-16 19:48:50 - select c1_0.role_id,c1_1.id,c1_1.description,c1_1.name from roles_capabilities c1_0 join capabilities c1_1 on c1_1.id=c1_0.capability_id where c1_0.role_id=?
2026-06-16 19:48:50 - select c1_0.role_id,c1_1.id,c1_1.description,c1_1.name from roles_capabilities c1_0 join capabilities c1_1 on c1_1.id=c1_0.capability_id where c1_0.role_id=?
2026-06-16 20:25:21 - select u1_0.id,u1_0.created_at,u1_0.deleted,u1_0.deleted_at,u1_0.password,u1_0.role_id,r1_0.id,r1_0.name,u1_0.updated_at,u1_0.username,u1_0.uuid from users u1_0 join roles r1_0 on r1_0.id=u1_0.role_id where u1_0.username=?
2026-06-16 20:32:01 - select u1_0.id,u1_0.created_at,u1_0.deleted,u1_0.deleted_at,u1_0.password,u1_0.role_id,r1_0.id,r1_0.name,u1_0.updated_at,u1_0.username,u1_0.uuid from users u1_0 join roles r1_0 on r1_0.id=u1_0.role_id where u1_0.username=?
2026-06-16 20:32:13 - select r1_0.id,r1_0.name from roles r1_0 order by r1_0.name
2026-06-16 20:32:13 - select c1_0.role_id,c1_1.id,c1_1.description,c1_1.name from roles_capabilities c1_0 join capabilities c1_1 on c1_1.id=c1_0.capability_id where c1_0.role_id=?
2026-06-16 20:32:13 - select c1_0.role_id,c1_1.id,c1_1.description,c1_1.name from roles_capabilities c1_0 join capabilities c1_1 on c1_1.id=c1_0.capability_id where c1_0.role_id=?
2026-06-16 20:32:33 - select r1_0.id,r1_0.name from roles r1_0 order by r1_0.name
2026-06-16 20:32:33 - select c1_0.role_id,c1_1.id,c1_1.description,c1_1.name from roles_capabilities c1_0 join capabilities c1_1 on c1_1.id=c1_0.capability_id where c1_0.role_id=?
2026-06-16 20:32:33 - select c1_0.role_id,c1_1.id,c1_1.description,c1_1.name from roles_capabilities c1_0 join capabilities c1_1 on c1_1.id=c1_0.capability_id where c1_0.role_id=?
2026-06-16 20:32:33 - select u1_0.id,u1_0.created_at,u1_0.deleted,u1_0.deleted_at,u1_0.password,u1_0.role_id,r1_0.id,r1_0.name,u1_0.updated_at,u1_0.username,u1_0.uuid from users u1_0 join roles r1_0 on r1_0.id=u1_0.role_id where u1_0.username=?
2026-06-16 20:32:34 - select r1_0.id,c1_0.role_id,c1_1.id,c1_1.description,c1_1.name,r1_0.name from roles r1_0 left join roles_capabilities c1_0 on r1_0.id=c1_0.role_id left join capabilities c1_1 on c1_1.id=c1_0.capability_id where r1_0.id=?
2026-06-16 20:32:34 - select u1_0.role_id,u1_0.id,u1_0.created_at,u1_0.deleted,u1_0.deleted_at,u1_0.password,u1_0.updated_at,u1_0.username,u1_0.uuid from users u1_0 where u1_0.role_id=?
2026-06-16 20:32:34 - insert into users (created_at,deleted,deleted_at,password,role_id,updated_at,username,uuid) values (?,?,?,?,?,?,?,?)
2026-06-16 20:32:34 - select r1_0.id,r1_0.name from roles r1_0 order by r1_0.name
2026-06-16 20:32:34 - select c1_0.role_id,c1_1.id,c1_1.description,c1_1.name from roles_capabilities c1_0 join capabilities c1_1 on c1_1.id=c1_0.capability_id where c1_0.role_id=?
2026-06-16 20:32:34 - select c1_0.role_id,c1_1.id,c1_1.description,c1_1.name from roles_capabilities c1_0 join capabilities c1_1 on c1_1.id=c1_0.capability_id where c1_0.role_id=?
2026-06-16 20:32:46 - select u1_0.id,u1_0.created_at,u1_0.deleted,u1_0.deleted_at,u1_0.password,u1_0.role_id,r1_0.id,r1_0.name,u1_0.updated_at,u1_0.username,u1_0.uuid from users u1_0 join roles r1_0 on r1_0.id=u1_0.role_id where u1_0.username=?
2026-06-16 20:37:51 - select u1_0.id,u1_0.created_at,u1_0.deleted,u1_0.deleted_at,u1_0.password,u1_0.role_id,r1_0.id,c1_0.role_id,c1_1.id,c1_1.description,c1_1.name,r1_0.name,u1_0.updated_at,u1_0.username,u1_0.uuid from users u1_0 join roles r1_0 on r1_0.id=u1_0.role_id left join roles_capabilities c1_0 on r1_0.id=c1_0.role_id left join capabilities c1_1 on c1_1.id=c1_0.capability_id where u1_0.username=?
2026-06-16 20:37:51 - select r1_0.id,r1_0.name from regions r1_0 order by r1_0.name
2026-06-16 20:37:51 - select t1_0.id,t1_0.created_at,t1_0.deleted,t1_0.deleted_at,t1_0.firstname,t1_0.lastname,r1_0.id,r1_0.name,t1_0.updated_at,t1_0.uuid,t1_0.vat from teachers t1_0 left join regions r1_0 on r1_0.id=t1_0.region_id where not(t1_0.deleted) order by t1_0.lastname limit ?
2026-06-16 20:37:51 - select count(t1_0.id) from teachers t1_0 where not(t1_0.deleted)
2026-06-16 20:37:56 - select r1_0.id,r1_0.name from regions r1_0 order by r1_0.name
2026-06-16 20:37:56 - select t1_0.id,t1_0.created_at,t1_0.deleted,t1_0.deleted_at,t1_0.firstname,t1_0.lastname,r1_0.id,r1_0.name,t1_0.updated_at,t1_0.uuid,t1_0.vat from teachers t1_0 left join regions r1_0 on r1_0.id=t1_0.region_id where not(t1_0.deleted) order by t1_0.lastname limit ?
2026-06-16 20:37:56 - select count(t1_0.id) from teachers t1_0 where not(t1_0.deleted)
2026-06-16 20:37:58 - select r1_0.id,r1_0.name from regions r1_0 order by r1_0.name
2026-06-16 20:37:58 - select t1_0.id,t1_0.created_at,t1_0.deleted,t1_0.deleted_at,t1_0.firstname,t1_0.lastname,r1_0.id,r1_0.name,t1_0.updated_at,t1_0.uuid,t1_0.vat from teachers t1_0 left join regions r1_0 on r1_0.id=t1_0.region_id where not(t1_0.deleted) order by t1_0.lastname limit ?
2026-06-16 20:37:58 - select count(t1_0.id) from teachers t1_0 where not(t1_0.deleted)
2026-06-16 20:38:25 - select r1_0.id,r1_0.name from regions r1_0 order by r1_0.name
2026-06-16 20:38:25 - select t1_0.id,t1_0.created_at,t1_0.deleted,t1_0.deleted_at,t1_0.firstname,t1_0.lastname,r1_0.id,r1_0.name,t1_0.updated_at,t1_0.uuid,t1_0.vat from teachers t1_0 left join regions r1_0 on r1_0.id=t1_0.region_id where not(t1_0.deleted) order by t1_0.lastname limit ?
2026-06-16 20:38:25 - select count(t1_0.id) from teachers t1_0 where not(t1_0.deleted)
2026-06-16 20:38:29 - select r1_0.id,r1_0.name from regions r1_0 order by r1_0.name
2026-06-16 20:38:29 - select t1_0.id,t1_0.created_at,t1_0.deleted,t1_0.deleted_at,t1_0.firstname,t1_0.lastname,r1_0.id,r1_0.name,t1_0.updated_at,t1_0.uuid,t1_0.vat from teachers t1_0 left join regions r1_0 on r1_0.id=t1_0.region_id where not(t1_0.deleted) order by t1_0.lastname limit ?
2026-06-16 20:38:29 - select count(t1_0.id) from teachers t1_0 where not(t1_0.deleted)
2026-06-16 20:38:46 - select r1_0.id,r1_0.name from regions r1_0 order by r1_0.name
2026-06-16 20:38:46 - select t1_0.id,t1_0.created_at,t1_0.deleted,t1_0.deleted_at,t1_0.firstname,t1_0.lastname,r1_0.id,r1_0.name,t1_0.updated_at,t1_0.uuid,t1_0.vat from teachers t1_0 left join regions r1_0 on r1_0.id=t1_0.region_id where not(t1_0.deleted) order by t1_0.lastname limit ?
2026-06-16 20:38:46 - select count(t1_0.id) from teachers t1_0 where not(t1_0.deleted)
2026-06-16 20:40:40 - select r1_0.id,r1_0.name from regions r1_0 order by r1_0.name
2026-06-16 20:40:40 - select t1_0.id,t1_0.created_at,t1_0.deleted,t1_0.deleted_at,t1_0.firstname,t1_0.lastname,r1_0.id,r1_0.name,t1_0.updated_at,t1_0.uuid,t1_0.vat from teachers t1_0 left join regions r1_0 on r1_0.id=t1_0.region_id where not(t1_0.deleted) order by t1_0.lastname limit ?
2026-06-16 20:40:40 - select count(t1_0.id) from teachers t1_0 where not(t1_0.deleted)
2026-06-16 20:41:56 - select r1_0.id,r1_0.name from regions r1_0 order by r1_0.name
2026-06-16 20:41:56 - select t1_0.id,t1_0.created_at,t1_0.deleted,t1_0.deleted_at,t1_0.firstname,t1_0.lastname,r1_0.id,r1_0.name,t1_0.updated_at,t1_0.uuid,t1_0.vat from teachers t1_0 left join regions r1_0 on r1_0.id=t1_0.region_id where not(t1_0.deleted) order by t1_0.lastname limit ?
2026-06-16 20:41:56 - select count(t1_0.id) from teachers t1_0 where not(t1_0.deleted)
2026-06-16 20:42:01 - select r1_0.id,r1_0.name from regions r1_0 order by r1_0.name
2026-06-16 20:42:01 - select t1_0.id,t1_0.created_at,t1_0.deleted,t1_0.deleted_at,t1_0.firstname,t1_0.lastname,r1_0.id,r1_0.name,t1_0.updated_at,t1_0.uuid,t1_0.vat from teachers t1_0 left join regions r1_0 on r1_0.id=t1_0.region_id where not(t1_0.deleted) order by t1_0.lastname limit ?
2026-06-16 20:42:01 - select count(t1_0.id) from teachers t1_0 where not(t1_0.deleted)
2026-06-16 20:45:04 - select u1_0.id,u1_0.created_at,u1_0.deleted,u1_0.deleted_at,u1_0.password,u1_0.role_id,r1_0.id,c1_0.role_id,c1_1.id,c1_1.description,c1_1.name,r1_0.name,u1_0.updated_at,u1_0.username,u1_0.uuid from users u1_0 join roles r1_0 on r1_0.id=u1_0.role_id left join roles_capabilities c1_0 on r1_0.id=c1_0.role_id left join capabilities c1_1 on c1_1.id=c1_0.capability_id where u1_0.username=?
2026-06-16 20:45:05 - select r1_0.id,r1_0.name from regions r1_0 order by r1_0.name
2026-06-16 20:45:05 - select t1_0.id,t1_0.created_at,t1_0.deleted,t1_0.deleted_at,t1_0.firstname,t1_0.lastname,r1_0.id,r1_0.name,t1_0.updated_at,t1_0.uuid,t1_0.vat from teachers t1_0 left join regions r1_0 on r1_0.id=t1_0.region_id where not(t1_0.deleted) order by t1_0.lastname limit ?
2026-06-16 20:45:05 - select count(t1_0.id) from teachers t1_0 where not(t1_0.deleted)
2026-06-16 20:45:10 - select r1_0.id,r1_0.name from regions r1_0 order by r1_0.name
2026-06-16 20:45:10 - select t1_0.id,t1_0.created_at,t1_0.deleted,t1_0.deleted_at,t1_0.firstname,t1_0.lastname,r1_0.id,r1_0.name,t1_0.updated_at,t1_0.uuid,t1_0.vat from teachers t1_0 left join regions r1_0 on r1_0.id=t1_0.region_id where not(t1_0.deleted) order by t1_0.lastname limit ?
2026-06-16 20:45:10 - select count(t1_0.id) from teachers t1_0 where not(t1_0.deleted)
2026-06-16 20:45:28 - select r1_0.id,r1_0.name from regions r1_0 order by r1_0.name
2026-06-16 20:45:28 - select t1_0.id,t1_0.created_at,t1_0.deleted,t1_0.deleted_at,t1_0.firstname,t1_0.lastname,r1_0.id,r1_0.name,t1_0.updated_at,t1_0.uuid,t1_0.vat from teachers t1_0 left join regions r1_0 on r1_0.id=t1_0.region_id where not(t1_0.deleted) order by t1_0.lastname limit ?
2026-06-16 20:45:28 - select count(t1_0.id) from teachers t1_0 where not(t1_0.deleted)
2026-06-16 20:45:30 - select r1_0.id,r1_0.name from regions r1_0 order by r1_0.name
2026-06-16 20:45:30 - select t1_0.id,t1_0.created_at,t1_0.deleted,t1_0.deleted_at,t1_0.firstname,t1_0.lastname,r1_0.id,r1_0.name,t1_0.updated_at,t1_0.uuid,t1_0.vat from teachers t1_0 left join regions r1_0 on r1_0.id=t1_0.region_id where not(t1_0.deleted) order by t1_0.lastname limit ?
2026-06-16 20:45:30 - select count(t1_0.id) from teachers t1_0 where not(t1_0.deleted)
2026-06-16 20:45:31 - select r1_0.id,r1_0.name from regions r1_0 order by r1_0.name
2026-06-16 20:45:31 - select t1_0.id,t1_0.created_at,t1_0.deleted,t1_0.deleted_at,t1_0.firstname,t1_0.lastname,r1_0.id,r1_0.name,t1_0.updated_at,t1_0.uuid,t1_0.vat from teachers t1_0 left join regions r1_0 on r1_0.id=t1_0.region_id where not(t1_0.deleted) order by t1_0.lastname limit ?
2026-06-16 20:45:31 - select count(t1_0.id) from teachers t1_0 where not(t1_0.deleted)
2026-06-16 20:51:17 - select u1_0.id,u1_0.created_at,u1_0.deleted,u1_0.deleted_at,u1_0.password,u1_0.role_id,r1_0.id,c1_0.role_id,c1_1.id,c1_1.description,c1_1.name,r1_0.name,u1_0.updated_at,u1_0.username,u1_0.uuid from users u1_0 join roles r1_0 on r1_0.id=u1_0.role_id left join roles_capabilities c1_0 on r1_0.id=c1_0.role_id left join capabilities c1_1 on c1_1.id=c1_0.capability_id where u1_0.username=?
2026-06-16 20:51:18 - select r1_0.id,r1_0.name from regions r1_0 order by r1_0.name
2026-06-16 20:51:18 - select t1_0.id,t1_0.created_at,t1_0.deleted,t1_0.deleted_at,t1_0.firstname,t1_0.lastname,r1_0.id,r1_0.name,t1_0.updated_at,t1_0.uuid,t1_0.vat from teachers t1_0 left join regions r1_0 on r1_0.id=t1_0.region_id where not(t1_0.deleted) order by t1_0.lastname limit ?
2026-06-16 20:51:18 - select count(t1_0.id) from teachers t1_0 where not(t1_0.deleted)
2026-06-16 21:07:23 - select u1_0.id,u1_0.created_at,u1_0.deleted,u1_0.deleted_at,u1_0.password,u1_0.role_id,r1_0.id,c1_0.role_id,c1_1.id,c1_1.description,c1_1.name,r1_0.name,u1_0.updated_at,u1_0.username,u1_0.uuid from users u1_0 join roles r1_0 on r1_0.id=u1_0.role_id left join roles_capabilities c1_0 on r1_0.id=c1_0.role_id left join capabilities c1_1 on c1_1.id=c1_0.capability_id where u1_0.username=?
2026-06-16 21:07:23 - select r1_0.id,r1_0.name from regions r1_0 order by r1_0.name
2026-06-16 21:07:23 - select t1_0.id,t1_0.created_at,t1_0.deleted,t1_0.deleted_at,t1_0.firstname,t1_0.lastname,r1_0.id,r1_0.name,t1_0.updated_at,t1_0.uuid,t1_0.vat from teachers t1_0 left join regions r1_0 on r1_0.id=t1_0.region_id where not(t1_0.deleted) order by t1_0.lastname limit ?
2026-06-16 21:07:23 - select count(t1_0.id) from teachers t1_0 where not(t1_0.deleted)
2026-06-16 21:10:36 - select u1_0.id,u1_0.created_at,u1_0.deleted,u1_0.deleted_at,u1_0.password,u1_0.role_id,r1_0.id,c1_0.role_id,c1_1.id,c1_1.description,c1_1.name,r1_0.name,u1_0.updated_at,u1_0.username,u1_0.uuid from users u1_0 join roles r1_0 on r1_0.id=u1_0.role_id left join roles_capabilities c1_0 on r1_0.id=c1_0.role_id left join capabilities c1_1 on c1_1.id=c1_0.capability_id where u1_0.username=?
2026-06-16 21:10:36 - select r1_0.id,r1_0.name from regions r1_0 order by r1_0.name
2026-06-16 21:10:37 - select t1_0.id,t1_0.created_at,t1_0.deleted,t1_0.deleted_at,t1_0.firstname,t1_0.lastname,r1_0.id,r1_0.name,t1_0.updated_at,t1_0.uuid,t1_0.vat from teachers t1_0 left join regions r1_0 on r1_0.id=t1_0.region_id where not(t1_0.deleted) order by t1_0.lastname limit ?
2026-06-16 21:10:37 - select count(t1_0.id) from teachers t1_0 where not(t1_0.deleted)
2026-06-16 21:11:06 - select r1_0.id,r1_0.name from regions r1_0 order by r1_0.name
2026-06-16 21:11:06 - select t1_0.id,t1_0.created_at,t1_0.deleted,t1_0.deleted_at,t1_0.firstname,t1_0.lastname,r1_0.id,r1_0.name,t1_0.updated_at,t1_0.uuid,t1_0.vat from teachers t1_0 left join regions r1_0 on r1_0.id=t1_0.region_id where not(t1_0.deleted) order by t1_0.lastname limit ?
2026-06-16 21:11:07 - select count(t1_0.id) from teachers t1_0 where not(t1_0.deleted)
2026-06-16 21:11:09 - select r1_0.id,r1_0.name from regions r1_0 order by r1_0.name
2026-06-16 21:11:09 - select t1_0.id,t1_0.created_at,t1_0.deleted,t1_0.deleted_at,t1_0.firstname,t1_0.lastname,r1_0.id,r1_0.name,t1_0.updated_at,t1_0.uuid,t1_0.vat from teachers t1_0 left join regions r1_0 on r1_0.id=t1_0.region_id where not(t1_0.deleted) order by t1_0.lastname limit ?
2026-06-16 21:11:09 - select count(t1_0.id) from teachers t1_0 where not(t1_0.deleted)
2026-06-16 21:11:18 - select r1_0.id,r1_0.name from roles r1_0 order by r1_0.name
2026-06-16 21:11:44 - select r1_0.id,r1_0.name from roles r1_0 order by r1_0.name
2026-06-16 21:12:10 - select r1_0.id,r1_0.name from roles r1_0 order by r1_0.name
2026-06-16 21:12:10 - select u1_0.id,u1_0.created_at,u1_0.deleted,u1_0.deleted_at,u1_0.password,u1_0.role_id,r1_0.id,c1_0.role_id,c1_1.id,c1_1.description,c1_1.name,r1_0.name,u1_0.updated_at,u1_0.username,u1_0.uuid from users u1_0 join roles r1_0 on r1_0.id=u1_0.role_id left join roles_capabilities c1_0 on r1_0.id=c1_0.role_id left join capabilities c1_1 on c1_1.id=c1_0.capability_id where u1_0.username=?
2026-06-16 21:12:10 - select r1_0.id,r1_0.name from roles r1_0 where r1_0.id=?
2026-06-16 21:12:10 - select u1_0.role_id,u1_0.id,u1_0.created_at,u1_0.deleted,u1_0.deleted_at,u1_0.password,u1_0.updated_at,u1_0.username,u1_0.uuid from users u1_0 where u1_0.role_id=?
2026-06-16 21:12:10 - insert into users (created_at,deleted,deleted_at,password,role_id,updated_at,username,uuid) values (?,?,?,?,?,?,?,?)
2026-06-16 21:12:10 - select r1_0.id,r1_0.name from roles r1_0 order by r1_0.name
2026-06-16 21:13:01 - select u1_0.id,u1_0.created_at,u1_0.deleted,u1_0.deleted_at,u1_0.password,u1_0.role_id,r1_0.id,c1_0.role_id,c1_1.id,c1_1.description,c1_1.name,r1_0.name,u1_0.updated_at,u1_0.username,u1_0.uuid from users u1_0 join roles r1_0 on r1_0.id=u1_0.role_id left join roles_capabilities c1_0 on r1_0.id=c1_0.role_id left join capabilities c1_1 on c1_1.id=c1_0.capability_id where u1_0.username=?
2026-06-16 21:13:02 - select r1_0.id,r1_0.name from regions r1_0 order by r1_0.name
2026-06-16 21:13:02 - select t1_0.id,t1_0.created_at,t1_0.deleted,t1_0.deleted_at,t1_0.firstname,t1_0.lastname,r1_0.id,r1_0.name,t1_0.updated_at,t1_0.uuid,t1_0.vat from teachers t1_0 left join regions r1_0 on r1_0.id=t1_0.region_id where not(t1_0.deleted) order by t1_0.lastname limit ?
2026-06-16 21:13:02 - select count(t1_0.id) from teachers t1_0 where not(t1_0.deleted)
2026-06-16 21:14:04 - select u1_0.id,u1_0.created_at,u1_0.deleted,u1_0.deleted_at,u1_0.password,u1_0.role_id,r1_0.id,c1_0.role_id,c1_1.id,c1_1.description,c1_1.name,r1_0.name,u1_0.updated_at,u1_0.username,u1_0.uuid from users u1_0 join roles r1_0 on r1_0.id=u1_0.role_id left join roles_capabilities c1_0 on r1_0.id=c1_0.role_id left join capabilities c1_1 on c1_1.id=c1_0.capability_id where u1_0.username=?
2026-06-16 21:14:05 - select r1_0.id,r1_0.name from regions r1_0 order by r1_0.name
2026-06-16 21:14:05 - select t1_0.id,t1_0.created_at,t1_0.deleted,t1_0.deleted_at,t1_0.firstname,t1_0.lastname,r1_0.id,r1_0.name,t1_0.updated_at,t1_0.uuid,t1_0.vat from teachers t1_0 left join regions r1_0 on r1_0.id=t1_0.region_id where not(t1_0.deleted) order by t1_0.lastname limit ?
2026-06-16 21:14:05 - select count(t1_0.id) from teachers t1_0 where not(t1_0.deleted)
2026-06-16 21:14:32 - select u1_0.id,u1_0.created_at,u1_0.deleted,u1_0.deleted_at,u1_0.password,u1_0.role_id,r1_0.id,c1_0.role_id,c1_1.id,c1_1.description,c1_1.name,r1_0.name,u1_0.updated_at,u1_0.username,u1_0.uuid from users u1_0 join roles r1_0 on r1_0.id=u1_0.role_id left join roles_capabilities c1_0 on r1_0.id=c1_0.role_id left join capabilities c1_1 on c1_1.id=c1_0.capability_id where u1_0.username=?
2026-06-16 21:14:39 - select r1_0.id,r1_0.name from regions r1_0 order by r1_0.name
2026-06-16 21:14:39 - select t1_0.id,t1_0.created_at,t1_0.deleted,t1_0.deleted_at,t1_0.firstname,t1_0.lastname,r1_0.id,r1_0.name,t1_0.updated_at,t1_0.uuid,t1_0.vat from teachers t1_0 left join regions r1_0 on r1_0.id=t1_0.region_id where not(t1_0.deleted) order by t1_0.lastname limit ?
2026-06-16 21:14:39 - select count(t1_0.id) from teachers t1_0 where not(t1_0.deleted)
2026-06-16 21:15:03 - select r1_0.id,r1_0.name from regions r1_0 order by r1_0.name
2026-06-16 21:15:03 - select t1_0.id,t1_0.created_at,t1_0.deleted,t1_0.deleted_at,t1_0.firstname,t1_0.lastname,r1_0.id,r1_0.name,t1_0.updated_at,t1_0.uuid,t1_0.vat from teachers t1_0 left join regions r1_0 on r1_0.id=t1_0.region_id where not(t1_0.deleted) order by t1_0.lastname limit ?
2026-06-16 21:15:03 - select count(t1_0.id) from teachers t1_0 where not(t1_0.deleted)
