2026-06-12 23:07:47 - select r1_0.id,r1_0.name from roles r1_0 order by r1_0.name
2026-06-12 23:07:48 - select c1_0.role_id,c1_1.id,c1_1.description,c1_1.name from roles_capabilities c1_0 join capabilities c1_1 on c1_1.id=c1_0.capability_id where c1_0.role_id=?
2026-06-12 23:07:48 - select c1_0.role_id,c1_1.id,c1_1.description,c1_1.name from roles_capabilities c1_0 join capabilities c1_1 on c1_1.id=c1_0.capability_id where c1_0.role_id=?
2026-06-12 23:08:28 - select r1_0.id,r1_0.name from roles r1_0 order by r1_0.name
2026-06-12 23:08:28 - select c1_0.role_id,c1_1.id,c1_1.description,c1_1.name from roles_capabilities c1_0 join capabilities c1_1 on c1_1.id=c1_0.capability_id where c1_0.role_id=?
2026-06-12 23:08:28 - select c1_0.role_id,c1_1.id,c1_1.description,c1_1.name from roles_capabilities c1_0 join capabilities c1_1 on c1_1.id=c1_0.capability_id where c1_0.role_id=?
2026-06-12 23:08:46 - select r1_0.id,r1_0.name from roles r1_0 order by r1_0.name
2026-06-12 23:08:46 - select c1_0.role_id,c1_1.id,c1_1.description,c1_1.name from roles_capabilities c1_0 join capabilities c1_1 on c1_1.id=c1_0.capability_id where c1_0.role_id=?
2026-06-12 23:08:46 - select c1_0.role_id,c1_1.id,c1_1.description,c1_1.name from roles_capabilities c1_0 join capabilities c1_1 on c1_1.id=c1_0.capability_id where c1_0.role_id=?
2026-06-12 23:09:10 - select r1_0.id,r1_0.name from roles r1_0 order by r1_0.name
2026-06-12 23:09:10 - select c1_0.role_id,c1_1.id,c1_1.description,c1_1.name from roles_capabilities c1_0 join capabilities c1_1 on c1_1.id=c1_0.capability_id where c1_0.role_id=?
2026-06-12 23:09:10 - select c1_0.role_id,c1_1.id,c1_1.description,c1_1.name from roles_capabilities c1_0 join capabilities c1_1 on c1_1.id=c1_0.capability_id where c1_0.role_id=?
2026-06-12 23:09:47 - select r1_0.id,r1_0.name from roles r1_0 order by r1_0.name
2026-06-12 23:09:47 - select c1_0.role_id,c1_1.id,c1_1.description,c1_1.name from roles_capabilities c1_0 join capabilities c1_1 on c1_1.id=c1_0.capability_id where c1_0.role_id=?
2026-06-12 23:09:47 - select c1_0.role_id,c1_1.id,c1_1.description,c1_1.name from roles_capabilities c1_0 join capabilities c1_1 on c1_1.id=c1_0.capability_id where c1_0.role_id=?
2026-06-12 23:10:21 - select r1_0.id,r1_0.name from roles r1_0 order by r1_0.name
2026-06-12 23:10:21 - select c1_0.role_id,c1_1.id,c1_1.description,c1_1.name from roles_capabilities c1_0 join capabilities c1_1 on c1_1.id=c1_0.capability_id where c1_0.role_id=?
2026-06-12 23:10:21 - select c1_0.role_id,c1_1.id,c1_1.description,c1_1.name from roles_capabilities c1_0 join capabilities c1_1 on c1_1.id=c1_0.capability_id where c1_0.role_id=?
2026-06-12 23:10:59 - select r1_0.id,r1_0.name from roles r1_0 order by r1_0.name
2026-06-12 23:10:59 - select c1_0.role_id,c1_1.id,c1_1.description,c1_1.name from roles_capabilities c1_0 join capabilities c1_1 on c1_1.id=c1_0.capability_id where c1_0.role_id=?
2026-06-12 23:10:59 - select c1_0.role_id,c1_1.id,c1_1.description,c1_1.name from roles_capabilities c1_0 join capabilities c1_1 on c1_1.id=c1_0.capability_id where c1_0.role_id=?
2026-06-12 23:11:13 - select r1_0.id,r1_0.name from roles r1_0 order by r1_0.name
2026-06-12 23:11:13 - select c1_0.role_id,c1_1.id,c1_1.description,c1_1.name from roles_capabilities c1_0 join capabilities c1_1 on c1_1.id=c1_0.capability_id where c1_0.role_id=?
2026-06-12 23:11:13 - select c1_0.role_id,c1_1.id,c1_1.description,c1_1.name from roles_capabilities c1_0 join capabilities c1_1 on c1_1.id=c1_0.capability_id where c1_0.role_id=?
2026-06-12 23:11:36 - select r1_0.id,r1_0.name from roles r1_0 order by r1_0.name
2026-06-12 23:11:36 - select c1_0.role_id,c1_1.id,c1_1.description,c1_1.name from roles_capabilities c1_0 join capabilities c1_1 on c1_1.id=c1_0.capability_id where c1_0.role_id=?
2026-06-12 23:11:36 - select c1_0.role_id,c1_1.id,c1_1.description,c1_1.name from roles_capabilities c1_0 join capabilities c1_1 on c1_1.id=c1_0.capability_id where c1_0.role_id=?
2026-06-12 23:13:31 - select r1_0.id,r1_0.name from roles r1_0 order by r1_0.name
2026-06-12 23:13:31 - select c1_0.role_id,c1_1.id,c1_1.description,c1_1.name from roles_capabilities c1_0 join capabilities c1_1 on c1_1.id=c1_0.capability_id where c1_0.role_id=?
2026-06-12 23:13:31 - select c1_0.role_id,c1_1.id,c1_1.description,c1_1.name from roles_capabilities c1_0 join capabilities c1_1 on c1_1.id=c1_0.capability_id where c1_0.role_id=?
2026-06-12 23:13:48 - select r1_0.id,r1_0.name from roles r1_0 order by r1_0.name
2026-06-12 23:13:48 - select c1_0.role_id,c1_1.id,c1_1.description,c1_1.name from roles_capabilities c1_0 join capabilities c1_1 on c1_1.id=c1_0.capability_id where c1_0.role_id=?
2026-06-12 23:13:48 - select c1_0.role_id,c1_1.id,c1_1.description,c1_1.name from roles_capabilities c1_0 join capabilities c1_1 on c1_1.id=c1_0.capability_id where c1_0.role_id=?
2026-06-12 23:13:48 - select u1_0.id,u1_0.created_at,u1_0.deleted,u1_0.deleted_at,u1_0.password,u1_0.role_id,r1_0.id,r1_0.name,u1_0.updated_at,u1_0.username,u1_0.uuid from users u1_0 join roles r1_0 on r1_0.id=u1_0.role_id where u1_0.username=?
2026-06-12 23:13:48 - select r1_0.id,c1_0.role_id,c1_1.id,c1_1.description,c1_1.name,r1_0.name from roles r1_0 left join roles_capabilities c1_0 on r1_0.id=c1_0.role_id left join capabilities c1_1 on c1_1.id=c1_0.capability_id where r1_0.id=?
2026-06-12 23:13:48 - select u1_0.role_id,u1_0.id,u1_0.created_at,u1_0.deleted,u1_0.deleted_at,u1_0.password,u1_0.updated_at,u1_0.username,u1_0.uuid from users u1_0 where u1_0.role_id=?
2026-06-12 23:13:49 - insert into users (created_at,deleted,deleted_at,password,role_id,updated_at,username,uuid) values (?,?,?,?,?,?,?,?)
